[0.601s] DEBUG:colcon:Command line arguments: ['/usr/bin/colcon', 'build', '--symlink-install']
[0.601s] DEBUG:colcon:Parsed command line arguments: Namespace(allow_overriding=[], ament_cmake_args=None, base_paths=['.'], build_base='build', catkin_cmake_args=None, catkin_skip_building_tests=False, cmake_args=None, cmake_clean_cache=False, cmake_clean_first=False, cmake_force_configure=False, cmake_target=None, cmake_target_skip_unavailable=False, continue_on_error=False, event_handlers=None, executor='parallel', ignore_user_meta=False, install_base='install', log_base=None, log_level=None, main=<bound method BuildVerb.main of <colcon_core.verb.build.BuildVerb object at 0xffff93ef8580>>, merge_install=False, metas=['./colcon.meta'], mixin=None, mixin_files=None, mixin_verb=('build',), packages_above=None, packages_above_and_dependencies=None, packages_above_depth=None, packages_end=None, packages_ignore=None, packages_ignore_regex=None, packages_select=None, packages_select_build_failed=False, packages_select_by_dep=None, packages_select_regex=None, packages_select_test_failures=False, packages_skip=None, packages_skip_build_finished=False, packages_skip_by_dep=None, packages_skip_regex=None, packages_skip_test_passed=False, packages_skip_up_to=None, packages_start=None, packages_up_to=None, packages_up_to_regex=None, parallel_workers=6, paths=None, symlink_install=True, test_result_base=None, verb_extension=<colcon_core.verb.build.BuildVerb object at 0xffff93ef8580>, verb_name='build', verb_parser=<colcon_mixin.mixin.mixin_argument.MixinArgumentDecorator object at 0xffff93db5bb0>)
[0.950s] Level 1:colcon.colcon_core.package_discovery:discover_packages(colcon_meta) check parameters
[0.951s] Level 1:colcon.colcon_core.package_discovery:discover_packages(recursive) check parameters
[0.951s] Level 1:colcon.colcon_core.package_discovery:discover_packages(ignore) check parameters
[0.951s] Level 1:colcon.colcon_core.package_discovery:discover_packages(path) check parameters
[0.951s] Level 1:colcon.colcon_core.package_discovery:discover_packages(colcon_meta) discover
[0.952s] Level 1:colcon.colcon_core.package_discovery:discover_packages(recursive) discover
[0.952s] INFO:colcon.colcon_core.package_discovery:Crawling recursively for packages in '/home/motoki/kosyu_ws'
[0.952s] Level 1:colcon.colcon_core.package_identification:_identify(.) by extensions ['ignore', 'ignore_ament_install']
[0.952s] Level 1:colcon.colcon_core.package_identification:_identify(.) by extension 'ignore'
[0.953s] Level 1:colcon.colcon_core.package_identification:_identify(.) by extension 'ignore_ament_install'
[0.953s] Level 1:colcon.colcon_core.package_identification:_identify(.) by extensions ['colcon_pkg']
[0.953s] Level 1:colcon.colcon_core.package_identification:_identify(.) by extension 'colcon_pkg'
[0.953s] Level 1:colcon.colcon_core.package_identification:_identify(.) by extensions ['colcon_meta']
[0.953s] Level 1:colcon.colcon_core.package_identification:_identify(.) by extension 'colcon_meta'
[0.953s] Level 1:colcon.colcon_core.package_identification:_identify(.) by extensions ['ros']
[0.953s] Level 1:colcon.colcon_core.package_identification:_identify(.) by extension 'ros'
[0.981s] Level 1:colcon.colcon_core.package_identification:_identify(.) by extensions ['cmake', 'python']
[0.981s] Level 1:colcon.colcon_core.package_identification:_identify(.) by extension 'cmake'
[0.981s] Level 1:colcon.colcon_core.package_identification:_identify(.) by extension 'python'
[0.982s] Level 1:colcon.colcon_core.package_identification:_identify(.) by extensions ['python_setup_py']
[0.982s] Level 1:colcon.colcon_core.package_identification:_identify(.) by extension 'python_setup_py'
[0.982s] Level 1:colcon.colcon_core.package_identification:_identify(build) by extensions ['ignore', 'ignore_ament_install']
[0.982s] Level 1:colcon.colcon_core.package_identification:_identify(build) by extension 'ignore'
[0.982s] Level 1:colcon.colcon_core.package_identification:_identify(build) ignored
[0.983s] Level 1:colcon.colcon_core.package_identification:_identify(install) by extensions ['ignore', 'ignore_ament_install']
[0.983s] Level 1:colcon.colcon_core.package_identification:_identify(install) by extension 'ignore'
[0.983s] Level 1:colcon.colcon_core.package_identification:_identify(install) ignored
[0.983s] Level 1:colcon.colcon_core.package_identification:_identify(log) by extensions ['ignore', 'ignore_ament_install']
[0.983s] Level 1:colcon.colcon_core.package_identification:_identify(log) by extension 'ignore'
[0.984s] Level 1:colcon.colcon_core.package_identification:_identify(log) ignored
[0.984s] Level 1:colcon.colcon_core.package_identification:_identify(src) by extensions ['ignore', 'ignore_ament_install']
[0.984s] Level 1:colcon.colcon_core.package_identification:_identify(src) by extension 'ignore'
[0.984s] Level 1:colcon.colcon_core.package_identification:_identify(src) by extension 'ignore_ament_install'
[0.984s] Level 1:colcon.colcon_core.package_identification:_identify(src) by extensions ['colcon_pkg']
[0.984s] Level 1:colcon.colcon_core.package_identification:_identify(src) by extension 'colcon_pkg'
[0.984s] Level 1:colcon.colcon_core.package_identification:_identify(src) by extensions ['colcon_meta']
[0.984s] Level 1:colcon.colcon_core.package_identification:_identify(src) by extension 'colcon_meta'
[0.985s] Level 1:colcon.colcon_core.package_identification:_identify(src) by extensions ['ros']
[0.985s] Level 1:colcon.colcon_core.package_identification:_identify(src) by extension 'ros'
[0.985s] Level 1:colcon.colcon_core.package_identification:_identify(src) by extensions ['cmake', 'python']
[0.985s] Level 1:colcon.colcon_core.package_identification:_identify(src) by extension 'cmake'
[0.985s] Level 1:colcon.colcon_core.package_identification:_identify(src) by extension 'python'
[0.985s] Level 1:colcon.colcon_core.package_identification:_identify(src) by extensions ['python_setup_py']
[0.985s] Level 1:colcon.colcon_core.package_identification:_identify(src) by extension 'python_setup_py'
[0.985s] Level 1:colcon.colcon_core.package_identification:_identify(src/pub) by extensions ['ignore', 'ignore_ament_install']
[0.985s] Level 1:colcon.colcon_core.package_identification:_identify(src/pub) by extension 'ignore'
[0.986s] Level 1:colcon.colcon_core.package_identification:_identify(src/pub) by extension 'ignore_ament_install'
[0.986s] Level 1:colcon.colcon_core.package_identification:_identify(src/pub) by extensions ['colcon_pkg']
[0.986s] Level 1:colcon.colcon_core.package_identification:_identify(src/pub) by extension 'colcon_pkg'
[0.986s] Level 1:colcon.colcon_core.package_identification:_identify(src/pub) by extensions ['colcon_meta']
[0.986s] Level 1:colcon.colcon_core.package_identification:_identify(src/pub) by extension 'colcon_meta'
[0.986s] Level 1:colcon.colcon_core.package_identification:_identify(src/pub) by extensions ['ros']
[0.986s] Level 1:colcon.colcon_core.package_identification:_identify(src/pub) by extension 'ros'
[1.133s] DEBUG:colcon.colcon_core.package_identification:Package 'src/pub' with type 'ros.ament_cmake' and name 'pub'
[1.133s] Level 1:colcon.colcon_core.package_identification:_identify(src/sub) by extensions ['ignore', 'ignore_ament_install']
[1.134s] Level 1:colcon.colcon_core.package_identification:_identify(src/sub) by extension 'ignore'
[1.134s] Level 1:colcon.colcon_core.package_identification:_identify(src/sub) by extension 'ignore_ament_install'
[1.134s] Level 1:colcon.colcon_core.package_identification:_identify(src/sub) by extensions ['colcon_pkg']
[1.134s] Level 1:colcon.colcon_core.package_identification:_identify(src/sub) by extension 'colcon_pkg'
[1.134s] Level 1:colcon.colcon_core.package_identification:_identify(src/sub) by extensions ['colcon_meta']
[1.134s] Level 1:colcon.colcon_core.package_identification:_identify(src/sub) by extension 'colcon_meta'
[1.134s] Level 1:colcon.colcon_core.package_identification:_identify(src/sub) by extensions ['ros']
[1.134s] Level 1:colcon.colcon_core.package_identification:_identify(src/sub) by extension 'ros'
[1.138s] DEBUG:colcon.colcon_core.package_identification:Package 'src/sub' with type 'ros.ament_cmake' and name 'sub'
[1.138s] Level 1:colcon.colcon_core.package_discovery:discover_packages(recursive) using defaults
[1.138s] Level 1:colcon.colcon_core.package_discovery:discover_packages(ignore) discover
[1.138s] Level 1:colcon.colcon_core.package_discovery:discover_packages(ignore) using defaults
[1.139s] Level 1:colcon.colcon_core.package_discovery:discover_packages(path) discover
[1.139s] Level 1:colcon.colcon_core.package_discovery:discover_packages(path) using defaults
[1.175s] Level 1:colcon.colcon_core.package_discovery:discover_packages(prefix_path) check parameters
[1.175s] Level 1:colcon.colcon_core.package_discovery:discover_packages(prefix_path) discover
[1.185s] DEBUG:colcon.colcon_installed_package_information.package_discovery:Found 8 installed packages in /home/motoki/my_ws/install
[1.186s] DEBUG:colcon.colcon_installed_package_information.package_discovery:Found 1 installed packages in /home/motoki/ydlidar_ros2_ws/install
[1.189s] DEBUG:colcon.colcon_installed_package_information.package_discovery:Found 290 installed packages in /opt/ros/foxy
[1.237s] Level 1:colcon.colcon_core.package_discovery:discover_packages(prefix_path) using defaults
[1.369s] Level 5:colcon.colcon_core.verb:set package 'pub' build argument 'cmake_args' from command line to 'None'
[1.369s] Level 5:colcon.colcon_core.verb:set package 'pub' build argument 'cmake_target' from command line to 'None'
[1.370s] Level 5:colcon.colcon_core.verb:set package 'pub' build argument 'cmake_target_skip_unavailable' from command line to 'False'
[1.370s] Level 5:colcon.colcon_core.verb:set package 'pub' build argument 'cmake_clean_cache' from command line to 'False'
[1.370s] Level 5:colcon.colcon_core.verb:set package 'pub' build argument 'cmake_clean_first' from command line to 'False'
[1.370s] Level 5:colcon.colcon_core.verb:set package 'pub' build argument 'cmake_force_configure' from command line to 'False'
[1.370s] Level 5:colcon.colcon_core.verb:set package 'pub' build argument 'ament_cmake_args' from command line to 'None'
[1.370s] Level 5:colcon.colcon_core.verb:set package 'pub' build argument 'catkin_cmake_args' from command line to 'None'
[1.370s] Level 5:colcon.colcon_core.verb:set package 'pub' build argument 'catkin_skip_building_tests' from command line to 'False'
[1.370s] DEBUG:colcon.colcon_core.verb:Building package 'pub' with the following arguments: {'ament_cmake_args': None, 'build_base': '/home/motoki/kosyu_ws/build/pub', 'catkin_cmake_args': None, 'catkin_skip_building_tests': False, 'cmake_args': None, 'cmake_clean_cache': False, 'cmake_clean_first': False, 'cmake_force_configure': False, 'cmake_target': None, 'cmake_target_skip_unavailable': False, 'install_base': '/home/motoki/kosyu_ws/install/pub', 'merge_install': False, 'path': '/home/motoki/kosyu_ws/src/pub', 'symlink_install': True, 'test_result_base': None}
[1.371s] Level 5:colcon.colcon_core.verb:set package 'sub' build argument 'cmake_args' from command line to 'None'
[1.371s] Level 5:colcon.colcon_core.verb:set package 'sub' build argument 'cmake_target' from command line to 'None'
[1.371s] Level 5:colcon.colcon_core.verb:set package 'sub' build argument 'cmake_target_skip_unavailable' from command line to 'False'
[1.371s] Level 5:colcon.colcon_core.verb:set package 'sub' build argument 'cmake_clean_cache' from command line to 'False'
[1.371s] Level 5:colcon.colcon_core.verb:set package 'sub' build argument 'cmake_clean_first' from command line to 'False'
[1.371s] Level 5:colcon.colcon_core.verb:set package 'sub' build argument 'cmake_force_configure' from command line to 'False'
[1.371s] Level 5:colcon.colcon_core.verb:set package 'sub' build argument 'ament_cmake_args' from command line to 'None'
[1.371s] Level 5:colcon.colcon_core.verb:set package 'sub' build argument 'catkin_cmake_args' from command line to 'None'
[1.371s] Level 5:colcon.colcon_core.verb:set package 'sub' build argument 'catkin_skip_building_tests' from command line to 'False'
[1.371s] DEBUG:colcon.colcon_core.verb:Building package 'sub' with the following arguments: {'ament_cmake_args': None, 'build_base': '/home/motoki/kosyu_ws/build/sub', 'catkin_cmake_args': None, 'catkin_skip_building_tests': False, 'cmake_args': None, 'cmake_clean_cache': False, 'cmake_clean_first': False, 'cmake_force_configure': False, 'cmake_target': None, 'cmake_target_skip_unavailable': False, 'install_base': '/home/motoki/kosyu_ws/install/sub', 'merge_install': False, 'path': '/home/motoki/kosyu_ws/src/sub', 'symlink_install': True, 'test_result_base': None}
[1.372s] INFO:colcon.colcon_core.executor:Executing jobs using 'parallel' executor
[1.375s] DEBUG:colcon.colcon_parallel_executor.executor.parallel:run_until_complete
[1.376s] INFO:colcon.colcon_ros.task.ament_cmake.build:Building ROS package in '/home/motoki/kosyu_ws/src/pub' with build type 'ament_cmake'
[1.376s] INFO:colcon.colcon_cmake.task.cmake.build:Building CMake package in '/home/motoki/kosyu_ws/src/pub'
[1.381s] INFO:colcon.colcon_core.plugin_system:Skipping extension 'colcon_core.shell.bat': Not used on non-Windows systems
[1.382s] INFO:colcon.colcon_core.shell:Skip shell extension 'powershell' for command environment: Not usable outside of PowerShell
[1.382s] DEBUG:colcon.colcon_core.shell:Skip shell extension 'dsv' for command environment
[1.402s] INFO:colcon.colcon_ros.task.ament_cmake.build:Building ROS package in '/home/motoki/kosyu_ws/src/sub' with build type 'ament_cmake'
[1.404s] INFO:colcon.colcon_cmake.task.cmake.build:Building CMake package in '/home/motoki/kosyu_ws/src/sub'
[1.405s] INFO:colcon.colcon_core.shell:Skip shell extension 'powershell' for command environment: Not usable outside of PowerShell
[1.405s] DEBUG:colcon.colcon_core.shell:Skip shell extension 'dsv' for command environment
[1.540s] DEBUG:colcon.colcon_core.event_handler.log_command:Invoking command in '/home/motoki/kosyu_ws/build/pub': CMAKE_PREFIX_PATH=${CMAKE_PREFIX_PATH}:/home/motoki/my_ws/install/yolo:/home/motoki/my_ws/install/robot_op2:/home/motoki/my_ws/install/robot_op:/home/motoki/my_ws/install/robot_odom:/home/motoki/my_ws/install/robot_goal:/opt/ros/foxy /usr/bin/cmake --build /home/motoki/kosyu_ws/build/pub -- -j6 -l6
[1.716s] DEBUG:colcon.colcon_core.event_handler.log_command:Invoking command in '/home/motoki/kosyu_ws/build/sub': CMAKE_PREFIX_PATH=${CMAKE_PREFIX_PATH}:/home/motoki/my_ws/install/yolo:/home/motoki/my_ws/install/robot_op2:/home/motoki/my_ws/install/robot_op:/home/motoki/my_ws/install/robot_odom:/home/motoki/my_ws/install/robot_goal:/opt/ros/foxy /usr/bin/cmake --build /home/motoki/kosyu_ws/build/sub -- -j6 -l6
[2.126s] DEBUG:colcon.colcon_core.event_handler.log_command:Invoked command in '/home/motoki/kosyu_ws/build/sub' returned '0': CMAKE_PREFIX_PATH=${CMAKE_PREFIX_PATH}:/home/motoki/my_ws/install/yolo:/home/motoki/my_ws/install/robot_op2:/home/motoki/my_ws/install/robot_op:/home/motoki/my_ws/install/robot_odom:/home/motoki/my_ws/install/robot_goal:/opt/ros/foxy /usr/bin/cmake --build /home/motoki/kosyu_ws/build/sub -- -j6 -l6
[2.304s] DEBUG:colcon.colcon_core.event_handler.log_command:Invoking command in '/home/motoki/kosyu_ws/build/sub': CMAKE_PREFIX_PATH=${CMAKE_PREFIX_PATH}:/home/motoki/my_ws/install/yolo:/home/motoki/my_ws/install/robot_op2:/home/motoki/my_ws/install/robot_op:/home/motoki/my_ws/install/robot_odom:/home/motoki/my_ws/install/robot_goal:/opt/ros/foxy /usr/bin/cmake --install /home/motoki/kosyu_ws/build/sub
[2.363s] DEBUG:colcon.colcon_core.event_handler.log_command:Invoked command in '/home/motoki/kosyu_ws/build/pub' returned '0': CMAKE_PREFIX_PATH=${CMAKE_PREFIX_PATH}:/home/motoki/my_ws/install/yolo:/home/motoki/my_ws/install/robot_op2:/home/motoki/my_ws/install/robot_op:/home/motoki/my_ws/install/robot_odom:/home/motoki/my_ws/install/robot_goal:/opt/ros/foxy /usr/bin/cmake --build /home/motoki/kosyu_ws/build/pub -- -j6 -l6
[2.489s] DEBUG:colcon.colcon_core.event_handler.log_command:Invoking command in '/home/motoki/kosyu_ws/build/pub': CMAKE_PREFIX_PATH=${CMAKE_PREFIX_PATH}:/home/motoki/my_ws/install/yolo:/home/motoki/my_ws/install/robot_op2:/home/motoki/my_ws/install/robot_op:/home/motoki/my_ws/install/robot_odom:/home/motoki/my_ws/install/robot_goal:/opt/ros/foxy /usr/bin/cmake --install /home/motoki/kosyu_ws/build/pub
[2.657s] Level 1:colcon.colcon_core.environment:create_environment_scripts_only(sub)
[2.659s] DEBUG:colcon.colcon_core.event_handler.log_command:Invoked command in '/home/motoki/kosyu_ws/build/sub' returned '0': CMAKE_PREFIX_PATH=${CMAKE_PREFIX_PATH}:/home/motoki/my_ws/install/yolo:/home/motoki/my_ws/install/robot_op2:/home/motoki/my_ws/install/robot_op:/home/motoki/my_ws/install/robot_odom:/home/motoki/my_ws/install/robot_goal:/opt/ros/foxy /usr/bin/cmake --install /home/motoki/kosyu_ws/build/sub
[2.673s] Level 1:colcon.colcon_core.environment:checking '/home/motoki/kosyu_ws/install/sub' for CMake module files
[2.675s] Level 1:colcon.colcon_core.environment:checking '/home/motoki/kosyu_ws/install/sub' for CMake config files
[2.821s] Level 1:colcon.colcon_core.shell:create_environment_hook('sub', 'cmake_prefix_path')
[2.822s] INFO:colcon.colcon_core.shell:Creating environment hook '/home/motoki/kosyu_ws/install/sub/share/sub/hook/cmake_prefix_path.ps1'
[2.828s] INFO:colcon.colcon_core.shell:Creating environment descriptor '/home/motoki/kosyu_ws/install/sub/share/sub/hook/cmake_prefix_path.dsv'
[2.830s] INFO:colcon.colcon_core.shell:Creating environment hook '/home/motoki/kosyu_ws/install/sub/share/sub/hook/cmake_prefix_path.sh'
[2.836s] Level 1:colcon.colcon_core.environment:checking '/home/motoki/kosyu_ws/install/sub/bin'
[2.836s] Level 1:colcon.colcon_core.environment:checking '/home/motoki/kosyu_ws/install/sub/lib/pkgconfig/sub.pc'
[2.837s] Level 1:colcon.colcon_core.environment:checking '/home/motoki/kosyu_ws/install/sub/lib/python3.8/site-packages'
[2.837s] Level 1:colcon.colcon_core.environment:checking '/home/motoki/kosyu_ws/install/sub/bin'
[2.838s] INFO:colcon.colcon_core.shell:Creating package script '/home/motoki/kosyu_ws/install/sub/share/sub/package.ps1'
[2.840s] INFO:colcon.colcon_core.shell:Creating package descriptor '/home/motoki/kosyu_ws/install/sub/share/sub/package.dsv'
[2.842s] INFO:colcon.colcon_core.shell:Creating package script '/home/motoki/kosyu_ws/install/sub/share/sub/package.sh'
[2.844s] INFO:colcon.colcon_core.shell:Creating package script '/home/motoki/kosyu_ws/install/sub/share/sub/package.bash'
[2.845s] INFO:colcon.colcon_core.shell:Creating package script '/home/motoki/kosyu_ws/install/sub/share/sub/package.zsh'
[2.847s] Level 1:colcon.colcon_core.environment:create_file_with_runtime_dependencies(/home/motoki/kosyu_ws/install/sub/share/colcon-core/packages/sub)
[2.850s] Level 1:colcon.colcon_core.environment:create_environment_scripts_only(sub)
[2.851s] Level 1:colcon.colcon_core.environment:checking '/home/motoki/kosyu_ws/install/sub' for CMake module files
[2.852s] Level 1:colcon.colcon_core.environment:checking '/home/motoki/kosyu_ws/install/sub' for CMake config files
[2.852s] Level 1:colcon.colcon_core.shell:create_environment_hook('sub', 'cmake_prefix_path')
[2.852s] INFO:colcon.colcon_core.shell:Creating environment hook '/home/motoki/kosyu_ws/install/sub/share/sub/hook/cmake_prefix_path.ps1'
[2.853s] INFO:colcon.colcon_core.shell:Creating environment descriptor '/home/motoki/kosyu_ws/install/sub/share/sub/hook/cmake_prefix_path.dsv'
[2.854s] INFO:colcon.colcon_core.shell:Creating environment hook '/home/motoki/kosyu_ws/install/sub/share/sub/hook/cmake_prefix_path.sh'
[2.856s] Level 1:colcon.colcon_core.environment:checking '/home/motoki/kosyu_ws/install/sub/bin'
[2.856s] Level 1:colcon.colcon_core.environment:checking '/home/motoki/kosyu_ws/install/sub/lib/pkgconfig/sub.pc'
[2.856s] Level 1:colcon.colcon_core.environment:checking '/home/motoki/kosyu_ws/install/sub/lib/python3.8/site-packages'
[2.857s] Level 1:colcon.colcon_core.environment:checking '/home/motoki/kosyu_ws/install/sub/bin'
[2.857s] INFO:colcon.colcon_core.shell:Creating package script '/home/motoki/kosyu_ws/install/sub/share/sub/package.ps1'
[2.858s] INFO:colcon.colcon_core.shell:Creating package descriptor '/home/motoki/kosyu_ws/install/sub/share/sub/package.dsv'
[2.859s] INFO:colcon.colcon_core.shell:Creating package script '/home/motoki/kosyu_ws/install/sub/share/sub/package.sh'
[2.860s] INFO:colcon.colcon_core.shell:Creating package script '/home/motoki/kosyu_ws/install/sub/share/sub/package.bash'
[2.861s] INFO:colcon.colcon_core.shell:Creating package script '/home/motoki/kosyu_ws/install/sub/share/sub/package.zsh'
[2.862s] Level 1:colcon.colcon_core.environment:create_file_with_runtime_dependencies(/home/motoki/kosyu_ws/install/sub/share/colcon-core/packages/sub)
[2.865s] Level 1:colcon.colcon_core.environment:create_environment_scripts_only(pub)
[2.866s] Level 1:colcon.colcon_core.environment:checking '/home/motoki/kosyu_ws/install/pub' for CMake module files
[2.868s] DEBUG:colcon.colcon_core.event_handler.log_command:Invoked command in '/home/motoki/kosyu_ws/build/pub' returned '0': CMAKE_PREFIX_PATH=${CMAKE_PREFIX_PATH}:/home/motoki/my_ws/install/yolo:/home/motoki/my_ws/install/robot_op2:/home/motoki/my_ws/install/robot_op:/home/motoki/my_ws/install/robot_odom:/home/motoki/my_ws/install/robot_goal:/opt/ros/foxy /usr/bin/cmake --install /home/motoki/kosyu_ws/build/pub
[2.869s] Level 1:colcon.colcon_core.environment:checking '/home/motoki/kosyu_ws/install/pub' for CMake config files
[2.871s] Level 1:colcon.colcon_core.shell:create_environment_hook('pub', 'cmake_prefix_path')
[2.871s] INFO:colcon.colcon_core.shell:Creating environment hook '/home/motoki/kosyu_ws/install/pub/share/pub/hook/cmake_prefix_path.ps1'
[2.872s] INFO:colcon.colcon_core.shell:Creating environment descriptor '/home/motoki/kosyu_ws/install/pub/share/pub/hook/cmake_prefix_path.dsv'
[2.873s] INFO:colcon.colcon_core.shell:Creating environment hook '/home/motoki/kosyu_ws/install/pub/share/pub/hook/cmake_prefix_path.sh'
[2.875s] Level 1:colcon.colcon_core.environment:checking '/home/motoki/kosyu_ws/install/pub/lib'
[2.875s] Level 1:colcon.colcon_core.environment:checking '/home/motoki/kosyu_ws/install/pub/bin'
[2.875s] Level 1:colcon.colcon_core.environment:checking '/home/motoki/kosyu_ws/install/pub/lib/pkgconfig/pub.pc'
[2.876s] Level 1:colcon.colcon_core.environment:checking '/home/motoki/kosyu_ws/install/pub/lib/python3.8/site-packages'
[2.876s] Level 1:colcon.colcon_core.environment:checking '/home/motoki/kosyu_ws/install/pub/bin'
[2.877s] INFO:colcon.colcon_core.shell:Creating package script '/home/motoki/kosyu_ws/install/pub/share/pub/package.ps1'
[2.878s] INFO:colcon.colcon_core.shell:Creating package descriptor '/home/motoki/kosyu_ws/install/pub/share/pub/package.dsv'
[2.879s] INFO:colcon.colcon_core.shell:Creating package script '/home/motoki/kosyu_ws/install/pub/share/pub/package.sh'
[2.880s] INFO:colcon.colcon_core.shell:Creating package script '/home/motoki/kosyu_ws/install/pub/share/pub/package.bash'
[2.881s] INFO:colcon.colcon_core.shell:Creating package script '/home/motoki/kosyu_ws/install/pub/share/pub/package.zsh'
[2.882s] Level 1:colcon.colcon_core.environment:create_file_with_runtime_dependencies(/home/motoki/kosyu_ws/install/pub/share/colcon-core/packages/pub)
[2.883s] Level 1:colcon.colcon_core.environment:create_environment_scripts_only(pub)
[2.883s] Level 1:colcon.colcon_core.environment:checking '/home/motoki/kosyu_ws/install/pub' for CMake module files
[2.884s] Level 1:colcon.colcon_core.environment:checking '/home/motoki/kosyu_ws/install/pub' for CMake config files
[2.885s] Level 1:colcon.colcon_core.shell:create_environment_hook('pub', 'cmake_prefix_path')
[2.885s] INFO:colcon.colcon_core.shell:Creating environment hook '/home/motoki/kosyu_ws/install/pub/share/pub/hook/cmake_prefix_path.ps1'
[2.886s] INFO:colcon.colcon_core.shell:Creating environment descriptor '/home/motoki/kosyu_ws/install/pub/share/pub/hook/cmake_prefix_path.dsv'
[2.887s] INFO:colcon.colcon_core.shell:Creating environment hook '/home/motoki/kosyu_ws/install/pub/share/pub/hook/cmake_prefix_path.sh'
[2.888s] Level 1:colcon.colcon_core.environment:checking '/home/motoki/kosyu_ws/install/pub/lib'
[2.889s] Level 1:colcon.colcon_core.environment:checking '/home/motoki/kosyu_ws/install/pub/bin'
[2.889s] Level 1:colcon.colcon_core.environment:checking '/home/motoki/kosyu_ws/install/pub/lib/pkgconfig/pub.pc'
[2.889s] Level 1:colcon.colcon_core.environment:checking '/home/motoki/kosyu_ws/install/pub/lib/python3.8/site-packages'
[2.889s] Level 1:colcon.colcon_core.environment:checking '/home/motoki/kosyu_ws/install/pub/bin'
[2.890s] INFO:colcon.colcon_core.shell:Creating package script '/home/motoki/kosyu_ws/install/pub/share/pub/package.ps1'
[2.892s] INFO:colcon.colcon_core.shell:Creating package descriptor '/home/motoki/kosyu_ws/install/pub/share/pub/package.dsv'
[2.893s] INFO:colcon.colcon_core.shell:Creating package script '/home/motoki/kosyu_ws/install/pub/share/pub/package.sh'
[2.894s] INFO:colcon.colcon_core.shell:Creating package script '/home/motoki/kosyu_ws/install/pub/share/pub/package.bash'
[2.895s] INFO:colcon.colcon_core.shell:Creating package script '/home/motoki/kosyu_ws/install/pub/share/pub/package.zsh'
[2.896s] Level 1:colcon.colcon_core.environment:create_file_with_runtime_dependencies(/home/motoki/kosyu_ws/install/pub/share/colcon-core/packages/pub)
[2.897s] DEBUG:colcon.colcon_parallel_executor.executor.parallel:closing loop
[2.897s] DEBUG:colcon.colcon_parallel_executor.executor.parallel:loop closed
[2.898s] DEBUG:colcon.colcon_parallel_executor.executor.parallel:run_until_complete finished with '0'
[2.898s] DEBUG:colcon.colcon_core.event_reactor:joining thread
[2.916s] INFO:colcon.colcon_core.plugin_system:Skipping extension 'colcon_notification.desktop_notification.terminal_notifier': Not used on non-Darwin systems
[2.917s] INFO:colcon.colcon_core.plugin_system:Skipping extension 'colcon_notification.desktop_notification.win32': Not used on non-Windows systems
[2.917s] INFO:colcon.colcon_notification.desktop_notification:Sending desktop notification using 'notify2'
[2.972s] DEBUG:colcon.colcon_core.event_reactor:joined thread
[2.974s] INFO:colcon.colcon_core.shell:Creating prefix script '/home/motoki/kosyu_ws/install/local_setup.ps1'
[2.977s] INFO:colcon.colcon_core.shell:Creating prefix util module '/home/motoki/kosyu_ws/install/_local_setup_util_ps1.py'
[2.980s] INFO:colcon.colcon_core.shell:Creating prefix chain script '/home/motoki/kosyu_ws/install/setup.ps1'
[2.984s] INFO:colcon.colcon_core.shell:Creating prefix script '/home/motoki/kosyu_ws/install/local_setup.sh'
[2.985s] INFO:colcon.colcon_core.shell:Creating prefix util module '/home/motoki/kosyu_ws/install/_local_setup_util_sh.py'
[2.986s] INFO:colcon.colcon_core.shell:Creating prefix chain script '/home/motoki/kosyu_ws/install/setup.sh'
[2.989s] INFO:colcon.colcon_core.shell:Creating prefix script '/home/motoki/kosyu_ws/install/local_setup.bash'
[2.990s] INFO:colcon.colcon_core.shell:Creating prefix chain script '/home/motoki/kosyu_ws/install/setup.bash'
[2.994s] INFO:colcon.colcon_core.shell:Creating prefix script '/home/motoki/kosyu_ws/install/local_setup.zsh'
[2.996s] INFO:colcon.colcon_core.shell:Creating prefix chain script '/home/motoki/kosyu_ws/install/setup.zsh'
