[0.040s] Invoking command in '/home/motoki/kosyu_ws/build/pub': CMAKE_PREFIX_PATH=${CMAKE_PREFIX_PATH}:/home/motoki/my_ws/install/yolo:/home/motoki/my_ws/install/robot_op2:/home/motoki/my_ws/install/robot_op:/home/motoki/my_ws/install/robot_odom:/home/motoki/my_ws/install/robot_goal:/opt/ros/foxy /usr/bin/cmake /home/motoki/kosyu_ws/src/pub -DAMENT_CMAKE_SYMLINK_INSTALL=1 -DCMAKE_INSTALL_PREFIX=/home/motoki/kosyu_ws/install/pub
[0.074s] -- Found ament_cmake: 0.9.12 (/opt/ros/foxy/share/ament_cmake/cmake)
[0.134s] -- Using PYTHON_EXECUTABLE: /usr/bin/python3
[0.529s] -- Override CMake install command with custom implementation using symlinks instead of copying resources
[0.548s] -- Found ament_lint_auto: 0.9.8 (/opt/ros/foxy/share/ament_lint_auto/cmake)
[0.741s] -- Added test 'copyright' to check source files copyright and LICENSE
[0.743s] -- Added test 'cppcheck' to perform static code analysis on C / C++ code
[0.743s] -- Configured cppcheck include dirs: $<BUILD_INTERFACE:/home/motoki/kosyu_ws/src/pub/include>
[0.743s] -- Configured cppcheck exclude dirs and/or files: 
[0.745s] -- Added test 'cpplint' to check C / C++ code against the Google style
[0.745s] -- Configured cpplint exclude dirs and/or files: 
[0.747s] -- Added test 'lint_cmake' to check CMake code style
[0.749s] -- Added test 'uncrustify' to check C / C++ code style
[0.750s] -- Configured uncrustify additional arguments: 
[0.750s] -- Added test 'xmllint' to check XML markup files
[0.756s] -- Configuring done
[0.765s] -- Generating done
[0.804s] -- Build files have been written to: /home/motoki/kosyu_ws/build/pub
[0.813s] Invoked command in '/home/motoki/kosyu_ws/build/pub' returned '0': CMAKE_PREFIX_PATH=${CMAKE_PREFIX_PATH}:/home/motoki/my_ws/install/yolo:/home/motoki/my_ws/install/robot_op2:/home/motoki/my_ws/install/robot_op:/home/motoki/my_ws/install/robot_odom:/home/motoki/my_ws/install/robot_goal:/opt/ros/foxy /usr/bin/cmake /home/motoki/kosyu_ws/src/pub -DAMENT_CMAKE_SYMLINK_INSTALL=1 -DCMAKE_INSTALL_PREFIX=/home/motoki/kosyu_ws/install/pub
[0.821s] Invoking command in '/home/motoki/kosyu_ws/build/pub': CMAKE_PREFIX_PATH=${CMAKE_PREFIX_PATH}:/home/motoki/my_ws/install/yolo:/home/motoki/my_ws/install/robot_op2:/home/motoki/my_ws/install/robot_op:/home/motoki/my_ws/install/robot_odom:/home/motoki/my_ws/install/robot_goal:/opt/ros/foxy /usr/bin/cmake --build /home/motoki/kosyu_ws/build/pub -- -j6 -l6
[0.921s] [35m[1mScanning dependencies of target pub_node[0m
[0.949s] [ 66%] [32mBuilding CXX object CMakeFiles/pub_node.dir/src/pub_node.cpp.o[0m
[0.949s] [ 66%] [32mBuilding CXX object CMakeFiles/pub_node.dir/src/main.cpp.o[0m
[0.973s] [01m[K/home/motoki/kosyu_ws/src/pub/src/pub_node.cpp:1:10:[m[K [01;31m[Kfatal error: [m[Krclcpp/rclcpp.hpp: No such file or directory
[0.974s]     1 | #include [01;31m[K<rclcpp/rclcpp.hpp>[m[K
[0.974s]       |          [01;31m[K^~~~~~~~~~~~~~~~~~~[m[K
[0.974s] [01m[K/home/motoki/kosyu_ws/src/pub/src/main.cpp:1:10:[m[K [01;31m[Kfatal error: [m[Krclcpp/rclcpp.hpp: No such file or directory
[0.975s]     1 | #include [01;31m[K<rclcpp/rclcpp.hpp>[m[K
[0.975s]       |          [01;31m[K^~~~~~~~~~~~~~~~~~~[m[K
[0.975s] compilation terminated.
[0.975s] compilation terminated.
[1.066s] make[2]: *** [CMakeFiles/pub_node.dir/build.make:63: CMakeFiles/pub_node.dir/src/pub_node.cpp.o] Error 1
[1.067s] make[2]: *** Waiting for unfinished jobs....
[1.067s] make[2]: *** [CMakeFiles/pub_node.dir/build.make:76: CMakeFiles/pub_node.dir/src/main.cpp.o] Error 1
[1.067s] make[1]: *** [CMakeFiles/Makefile2:78: CMakeFiles/pub_node.dir/all] Error 2
[1.067s] make: *** [Makefile:141: all] Error 2
[1.074s] Invoked command in '/home/motoki/kosyu_ws/build/pub' returned '2': CMAKE_PREFIX_PATH=${CMAKE_PREFIX_PATH}:/home/motoki/my_ws/install/yolo:/home/motoki/my_ws/install/robot_op2:/home/motoki/my_ws/install/robot_op:/home/motoki/my_ws/install/robot_odom:/home/motoki/my_ws/install/robot_goal:/opt/ros/foxy /usr/bin/cmake --build /home/motoki/kosyu_ws/build/pub -- -j6 -l6
