[0.047s] Invoking command in '/home/motoki/kosyu_ws/build/pub': CMAKE_PREFIX_PATH=${CMAKE_PREFIX_PATH}:/home/motoki/my_ws/install/yolo:/home/motoki/my_ws/install/robot_op2:/home/motoki/my_ws/install/robot_op:/home/motoki/my_ws/install/robot_odom:/home/motoki/my_ws/install/robot_goal:/opt/ros/foxy /usr/bin/cmake --build /home/motoki/kosyu_ws/build/pub -- -j6 -l6
[0.172s] [100%] Built target pub_node
[0.195s] Invoked command in '/home/motoki/kosyu_ws/build/pub' returned '0': CMAKE_PREFIX_PATH=${CMAKE_PREFIX_PATH}:/home/motoki/my_ws/install/yolo:/home/motoki/my_ws/install/robot_op2:/home/motoki/my_ws/install/robot_op:/home/motoki/my_ws/install/robot_odom:/home/motoki/my_ws/install/robot_goal:/opt/ros/foxy /usr/bin/cmake --build /home/motoki/kosyu_ws/build/pub -- -j6 -l6
[0.222s] Invoking command in '/home/motoki/kosyu_ws/build/pub': CMAKE_PREFIX_PATH=${CMAKE_PREFIX_PATH}:/home/motoki/my_ws/install/yolo:/home/motoki/my_ws/install/robot_op2:/home/motoki/my_ws/install/robot_op:/home/motoki/my_ws/install/robot_odom:/home/motoki/my_ws/install/robot_goal:/opt/ros/foxy /usr/bin/cmake --install /home/motoki/kosyu_ws/build/pub
[0.241s] -- Install configuration: ""
[0.241s] -- Execute custom install script
[0.243s] -- Up-to-date symlink: /home/motoki/kosyu_ws/install/pub/lib/pub/pub_node
[0.244s] -- Up-to-date symlink: /home/motoki/kosyu_ws/install/pub/share/ament_index/resource_index/package_run_dependencies/pub
[0.244s] -- Up-to-date symlink: /home/motoki/kosyu_ws/install/pub/share/ament_index/resource_index/parent_prefix_path/pub
[0.244s] -- Up-to-date symlink: /home/motoki/kosyu_ws/install/pub/share/pub/environment/ament_prefix_path.sh
[0.245s] -- Up-to-date symlink: /home/motoki/kosyu_ws/install/pub/share/pub/environment/ament_prefix_path.dsv
[0.245s] -- Up-to-date symlink: /home/motoki/kosyu_ws/install/pub/share/pub/environment/path.sh
[0.246s] -- Up-to-date symlink: /home/motoki/kosyu_ws/install/pub/share/pub/environment/path.dsv
[0.246s] -- Up-to-date symlink: /home/motoki/kosyu_ws/install/pub/share/pub/local_setup.bash
[0.246s] -- Up-to-date symlink: /home/motoki/kosyu_ws/install/pub/share/pub/local_setup.sh
[0.247s] -- Up-to-date symlink: /home/motoki/kosyu_ws/install/pub/share/pub/local_setup.zsh
[0.247s] -- Up-to-date symlink: /home/motoki/kosyu_ws/install/pub/share/pub/local_setup.dsv
[0.248s] -- Symlinking: /home/motoki/kosyu_ws/install/pub/share/pub/package.dsv
[0.267s] -- Up-to-date symlink: /home/motoki/kosyu_ws/install/pub/share/ament_index/resource_index/packages/pub
[0.267s] -- Up-to-date symlink: /home/motoki/kosyu_ws/install/pub/share/pub/cmake/pubConfig.cmake
[0.267s] -- Up-to-date symlink: /home/motoki/kosyu_ws/install/pub/share/pub/cmake/pubConfig-version.cmake
[0.268s] -- Up-to-date symlink: /home/motoki/kosyu_ws/install/pub/share/pub/package.xml
[0.272s] Invoked command in '/home/motoki/kosyu_ws/build/pub' returned '0': CMAKE_PREFIX_PATH=${CMAKE_PREFIX_PATH}:/home/motoki/my_ws/install/yolo:/home/motoki/my_ws/install/robot_op2:/home/motoki/my_ws/install/robot_op:/home/motoki/my_ws/install/robot_odom:/home/motoki/my_ws/install/robot_goal:/opt/ros/foxy /usr/bin/cmake --install /home/motoki/kosyu_ws/build/pub
