-- Found ament_cmake: 0.9.12 (/opt/ros/foxy/share/ament_cmake/cmake)
-- Using PYTHON_EXECUTABLE: /usr/bin/python3
-- Override CMake install command with custom implementation using symlinks instead of copying resources
-- Found rclcpp: 2.4.3 (/opt/ros/foxy/share/rclcpp/cmake)
-- Using all available rosidl_typesupport_c: rosidl_typesupport_fastrtps_c;rosidl_typesupport_introspection_c
-- Found rosidl_adapter: 1.3.1 (/opt/ros/foxy/share/rosidl_adapter/cmake)
-- Using all available rosidl_typesupport_cpp: rosidl_typesupport_fastrtps_cpp;rosidl_typesupport_introspection_cpp
-- Found rmw_implementation_cmake: 1.0.4 (/opt/ros/foxy/share/rmw_implementation_cmake/cmake)
-- Using RMW implementation 'rmw_fastrtps_cpp' as default
-- Found ament_lint_auto: 0.9.8 (/opt/ros/foxy/share/ament_lint_auto/cmake)
-- Added test 'copyright' to check source files copyright and LICENSE
-- Added test 'cppcheck' to perform static code analysis on C / C++ code
-- Configured cppcheck include dirs: $<BUILD_INTERFACE:/home/motoki/kosyu_ws/src/pub/include>
-- Configured cppcheck exclude dirs and/or files: 
-- Added test 'cpplint' to check C / C++ code against the Google style
-- Configured cpplint exclude dirs and/or files: 
-- Added test 'lint_cmake' to check CMake code style
-- Added test 'uncrustify' to check C / C++ code style
-- Configured uncrustify additional arguments: 
-- Added test 'xmllint' to check XML markup files
-- Configuring done
-- Generating done
-- Build files have been written to: /home/motoki/kosyu_ws/build/pub
[35m[1mScanning dependencies of target pub_node[0m
[ 66%] [32mBuilding CXX object CMakeFiles/pub_node.dir/src/pub_node.cpp.o[0m
[ 66%] [32mBuilding CXX object CMakeFiles/pub_node.dir/src/main.cpp.o[0m
In file included from [01m[K/home/motoki/kosyu_ws/src/pub/src/pub_node.cpp:2[m[K:
[01m[K/home/motoki/kosyu_ws/src/pub/src/pub_node.hpp:1:2:[m[K [01;31m[Kerror: [m[Kinvalid preprocessing directive #inculde; did you mean #include?
    1 | #[01;31m[Kinculde[m[K <rclcpp/rclcpp.hpp>
      |  [01;31m[K^~~~~~~[m[K
      |  [32m[Kinclude[m[K
In file included from [01m[K/home/motoki/kosyu_ws/src/pub/src/main.cpp:2[m[K:
[01m[K/home/motoki/kosyu_ws/src/pub/src/pub_node.hpp:1:2:[m[K [01;31m[Kerror: [m[Kinvalid preprocessing directive #inculde; did you mean #include?
    1 | #[01;31m[Kinculde[m[K <rclcpp/rclcpp.hpp>
      |  [01;31m[K^~~~~~~[m[K
      |  [32m[Kinclude[m[K
[01m[K/home/motoki/kosyu_ws/src/pub/src/pub_node.hpp:3:31:[m[K [01;31m[Kerror: [m[Kexpected class-name before ‘[01m[Krclcpp[m[K’
    3 | class PubNode : public rclcpp [01;31m[Krclcpp[m[K::Node{
      |                               [01;31m[K^~~~~~[m[K
[01m[K/home/motoki/kosyu_ws/src/pub/src/pub_node.hpp:3:31:[m[K [01;31m[Kerror: [m[Kexpected ‘[01m[K{[m[K’ before ‘[01m[Krclcpp[m[K’
[01m[K/home/motoki/kosyu_ws/src/pub/src/pub_node.hpp:4:5:[m[K [01;31m[Kerror: [m[Kexpected primary-expression before ‘[01m[Kpublic[m[K’
    4 |     [01;31m[Kpublic[m[K:
      |     [01;31m[K^~~~~~[m[K
[01m[K/home/motoki/kosyu_ws/src/pub/src/pub_node.hpp:4:5:[m[K [01;31m[Kerror: [m[Kexpected ‘[01m[K}[m[K’ before ‘[01m[Kpublic[m[K’
[01m[K/home/motoki/kosyu_ws/src/pub/src/pub_node.hpp:3:43:[m[K [01;36m[Knote: [m[Kto match this ‘[01m[K{[m[K’
    3 | class PubNode : public rclcpp rclcpp::Node[01;36m[K{[m[K
      |                                           [01;36m[K^[m[K
[01m[K/home/motoki/kosyu_ws/src/pub/src/pub_node.hpp:9:1:[m[K [01;31m[Kerror: [m[Kexpected declaration before ‘[01m[K}[m[K’ token
    9 | [01;31m[K}[m[K
      | [01;31m[K^[m[K
[01m[K/home/motoki/kosyu_ws/src/pub/src/pub_node.cpp:4:83:[m[K [01;31m[Kerror: [m[Kinvalid use of incomplete type ‘[01m[Kclass PubNode[m[K’
    4 | t std::string& name_space, const rclcpp::NodeOptions& options[01;31m[K)[m[K
      |                                                              [01;31m[K^[m[K

In file included from [01m[K/home/motoki/kosyu_ws/src/pub/src/pub_node.cpp:2[m[K:
[01m[K/home/motoki/kosyu_ws/src/pub/src/pub_node.hpp:3:7:[m[K [01;36m[Knote: [m[Kforward declaration of ‘[01m[Kclass PubNode[m[K’
    3 | class [01;36m[KPubNode[m[K : public rclcpp rclcpp::Node{
      |       [01;36m[K^~~~~~~[m[K
[01m[K/home/motoki/kosyu_ws/src/pub/src/pub_node.hpp:3:31:[m[K [01;31m[Kerror: [m[Kexpected class-name before ‘[01m[Krclcpp[m[K’
    3 | class PubNode : public rclcpp [01;31m[Krclcpp[m[K::Node{
      |                               [01;31m[K^~~~~~[m[K
[01m[K/home/motoki/kosyu_ws/src/pub/src/pub_node.hpp:3:31:[m[K [01;31m[Kerror: [m[Kexpected ‘[01m[K{[m[K’ before ‘[01m[Krclcpp[m[K’
[01m[K/home/motoki/kosyu_ws/src/pub/src/pub_node.hpp:4:5:[m[K [01;31m[Kerror: [m[Kexpected primary-expression before ‘[01m[Kpublic[m[K’
    4 |     [01;31m[Kpublic[m[K:
      |     [01;31m[K^~~~~~[m[K
[01m[K/home/motoki/kosyu_ws/src/pub/src/pub_node.hpp:4:5:[m[K [01;31m[Kerror: [m[Kexpected ‘[01m[K}[m[K’ before ‘[01m[Kpublic[m[K’
[01m[K/home/motoki/kosyu_ws/src/pub/src/pub_node.hpp:3:43:[m[K [01;36m[Knote: [m[Kto match this ‘[01m[K{[m[K’
    3 | class PubNode : public rclcpp rclcpp::Node[01;36m[K{[m[K
      |                                           [01;36m[K^[m[K
[01m[K/home/motoki/kosyu_ws/src/pub/src/pub_node.hpp:9:1:[m[K [01;31m[Kerror: [m[Kexpected declaration before ‘[01m[K}[m[K’ token
    9 | [01;31m[K}[m[K
      | [01;31m[K^[m[K
[01m[K/home/motoki/kosyu_ws/src/pub/src/main.cpp:[m[K In function ‘[01m[Kint main(int, char**)[m[K’:
[01m[K/home/motoki/kosyu_ws/src/pub/src/main.cpp:7:22:[m[K [01;31m[Kerror: [m[Kno matching function for call to ‘[01m[Kspin(std::shared_ptr<PubNode>&)[m[K’
    7 |     rclcpp::spin(node[01;31m[K)[m[K;
      |                      [01;31m[K^[m[K
In file included from [01m[K/opt/ros/foxy/include/rclcpp/rclcpp.hpp:146[m[K,
                 from [01m[K/home/motoki/kosyu_ws/src/pub/src/main.cpp:1[m[K:
[01m[K/opt/ros/foxy/include/rclcpp/executors.hpp:45:1:[m[K [01;36m[Knote: [m[Kcandidate: ‘[01m[Kvoid rclcpp::spin(rclcpp::node_interfaces::NodeBaseInterface::SharedPtr)[m[K’
   45 | [01;36m[Kspin[m[K(rclcpp::node_interfaces::NodeBaseInterface::SharedPtr node_ptr);
      | [01;36m[K^~~~[m[K
[01m[K/opt/ros/foxy/include/rclcpp/executors.hpp:45:60:[m[K [01;36m[Knote: [m[K  no known conversion for argument 1 from ‘[01m[Kshared_ptr<[01;32m[KPubNode[m[K>[m[K’ to ‘[01m[Kshared_ptr<[01;32m[Krclcpp::node_interfaces::NodeBaseInterface[m[K>[m[K’
   45 | spin([01;36m[Krclcpp::node_interfaces::NodeBaseInterface::SharedPtr node_ptr[m[K);
      |      [01;36m[K~~~~~~~~~~~~~~~~~~~~~~~~~~~~~~~~~~~~~~~~~~~~~~~~~~~~~~^~~~~~~~[m[K
[01m[K/opt/ros/foxy/include/rclcpp/executors.hpp:49:1:[m[K [01;36m[Knote: [m[Kcandidate: ‘[01m[Kvoid rclcpp::spin(rclcpp::Node::SharedPtr)[m[K’
   49 | [01;36m[Kspin[m[K(rclcpp::Node::SharedPtr node_ptr);
      | [01;36m[K^~~~[m[K
[01m[K/opt/ros/foxy/include/rclcpp/executors.hpp:49:30:[m[K [01;36m[Knote: [m[K  no known conversion for argument 1 from ‘[01m[Kshared_ptr<[01;32m[KPubNode[m[K>[m[K’ to ‘[01m[Kshared_ptr<[01;32m[Krclcpp::Node[m[K>[m[K’
   49 | spin([01;36m[Krclcpp::Node::SharedPtr node_ptr[m[K);
      |      [01;36m[K~~~~~~~~~~~~~~~~~~~~~~~~^~~~~~~~[m[K
In file included from [01m[K/usr/include/c++/9/bits/shared_ptr_base.h:56[m[K,
                 from [01m[K/usr/include/c++/9/bits/shared_ptr.h:52[m[K,
                 from [01m[K/usr/include/c++/9/memory:81[m[K,
                 from [01m[K/opt/ros/foxy/include/rclcpp/rclcpp.hpp:144[m[K,
                 from [01m[K/home/motoki/kosyu_ws/src/pub/src/main.cpp:1[m[K:
/usr/include/c++/9/ext/aligned_buffer.h: In instantiation of ‘[01m[Kstruct __gnu_cxx::__aligned_buffer<PubNode>[m[K’:
[01m[K/usr/include/c++/9/bits/shared_ptr_base.h:535:35:[m[K   required from ‘[01m[Kclass std::_Sp_counted_ptr_inplace<PubNode, std::allocator<PubNode>, __gnu_cxx::_S_atomic>::_Impl[m[K’
[01m[K/usr/include/c++/9/bits/shared_ptr_base.h:596:13:[m[K   required from ‘[01m[Kclass std::_Sp_counted_ptr_inplace<PubNode, std::allocator<PubNode>, __gnu_cxx::_S_atomic>[m[K’
[01m[K/usr/include/c++/9/bits/shared_ptr_base.h:676:43:[m[K   required from ‘[01m[Kstd::__shared_count<_Lp>::__shared_count(_Tp*&, std::_Sp_alloc_shared_tag<_Alloc>, _Args&& ...) [with _Tp = PubNode; _Alloc = std::allocator<PubNode>; _Args = {}; __gnu_cxx::_Lock_policy _Lp = __gnu_cxx::_S_atomic][m[K’
[01m[K/usr/include/c++/9/bits/shared_ptr_base.h:1344:71:[m[K   required from ‘[01m[Kstd::__shared_ptr<_Tp, _Lp>::__shared_ptr(std::_Sp_alloc_shared_tag<_Tp>, _Args&& ...) [with _Alloc = std::allocator<PubNode>; _Args = {}; _Tp = PubNode; __gnu_cxx::_Lock_policy _Lp = __gnu_cxx::_S_atomic][m[K’
[01m[K/usr/include/c++/9/bits/shared_ptr.h:359:59:[m[K   required from ‘[01m[Kstd::shared_ptr<_Tp>::shared_ptr(std::_Sp_alloc_shared_tag<_Tp>, _Args&& ...) [with _Alloc = std::allocator<PubNode>; _Args = {}; _Tp = PubNode][m[K’
[01m[K/usr/include/c++/9/bits/shared_ptr.h:701:14:[m[K   required from ‘[01m[Kstd::shared_ptr<_Tp> std::allocate_shared(const _Alloc&, _Args&& ...) [with _Tp = PubNode; _Alloc = std::allocator<PubNode>; _Args = {}][m[K’
[01m[K/usr/include/c++/9/bits/shared_ptr.h:717:39:[m[K   required from ‘[01m[Kstd::shared_ptr<_Tp> std::make_shared(_Args&& ...) [with _Tp = PubNode; _Args = {}][m[K’
[01m[K/home/motoki/kosyu_ws/src/pub/src/main.cpp:6:43:[m[K   required from here
[01m[K/usr/include/c++/9/ext/aligned_buffer.h:91:28:[m[K [01;31m[Kerror: [m[Kinvalid application of ‘[01m[Ksizeof[m[K’ to incomplete type ‘[01m[KPubNode[m[K’
   91 |     : std::aligned_storage<[01;31m[Ksizeof(_Tp)[m[K, __alignof__(_Tp)>
      |                            [01;31m[K^~~~~~~~~~~[m[K
[01m[K/usr/include/c++/9/ext/aligned_buffer.h:91:28:[m[K [01;31m[Kerror: [m[Kinvalid application of ‘[01m[Ksizeof[m[K’ to incomplete type ‘[01m[KPubNode[m[K’
make[2]: *** [CMakeFiles/pub_node.dir/build.make:63: CMakeFiles/pub_node.dir/src/pub_node.cpp.o] Error 1
make[2]: *** Waiting for unfinished jobs....
make[2]: *** [CMakeFiles/pub_node.dir/build.make:76: CMakeFiles/pub_node.dir/src/main.cpp.o] Error 1
make[1]: *** [CMakeFiles/Makefile2:78: CMakeFiles/pub_node.dir/all] Error 2
make: *** [Makefile:141: all] Error 2
