[0.068s] Invoking command in '/home/motoki/kosyu_ws/build/pub': CMAKE_PREFIX_PATH=${CMAKE_PREFIX_PATH}:/home/motoki/my_ws/install/yolo:/home/motoki/my_ws/install/robot_op2:/home/motoki/my_ws/install/robot_op:/home/motoki/my_ws/install/robot_odom:/home/motoki/my_ws/install/robot_goal:/opt/ros/foxy /usr/bin/cmake --build /home/motoki/kosyu_ws/build/pub -- -j6 -l6
[0.249s] [100%] Built target pub_node
[0.286s] Invoked command in '/home/motoki/kosyu_ws/build/pub' returned '0': CMAKE_PREFIX_PATH=${CMAKE_PREFIX_PATH}:/home/motoki/my_ws/install/yolo:/home/motoki/my_ws/install/robot_op2:/home/motoki/my_ws/install/robot_op:/home/motoki/my_ws/install/robot_odom:/home/motoki/my_ws/install/robot_goal:/opt/ros/foxy /usr/bin/cmake --build /home/motoki/kosyu_ws/build/pub -- -j6 -l6
[0.295s] Invoking command in '/home/motoki/kosyu_ws/build/pub': CMAKE_PREFIX_PATH=${CMAKE_PREFIX_PATH}:/home/motoki/my_ws/install/yolo:/home/motoki/my_ws/install/robot_op2:/home/motoki/my_ws/install/robot_op:/home/motoki/my_ws/install/robot_odom:/home/motoki/my_ws/install/robot_goal:/opt/ros/foxy /usr/bin/cmake --install /home/motoki/kosyu_ws/build/pub
[0.323s] -- Install configuration: ""
[0.324s] -- Execute custom install script
[0.325s] -- Up-to-date symlink: /home/motoki/kosyu_ws/install/pub/lib/pub/pub_node
[0.326s] -- Up-to-date symlink: /home/motoki/kosyu_ws/install/pub/share/ament_index/resource_index/package_run_dependencies/pub
[0.326s] -- Up-to-date symlink: /home/motoki/kosyu_ws/install/pub/share/ament_index/resource_index/parent_prefix_path/pub
[0.327s] -- Up-to-date symlink: /home/motoki/kosyu_ws/install/pub/share/pub/environment/ament_prefix_path.sh
[0.327s] -- Up-to-date symlink: /home/motoki/kosyu_ws/install/pub/share/pub/environment/ament_prefix_path.dsv
[0.327s] -- Up-to-date symlink: /home/motoki/kosyu_ws/install/pub/share/pub/environment/path.sh
[0.328s] -- Up-to-date symlink: /home/motoki/kosyu_ws/install/pub/share/pub/environment/path.dsv
[0.328s] -- Up-to-date symlink: /home/motoki/kosyu_ws/install/pub/share/pub/local_setup.bash
[0.329s] -- Up-to-date symlink: /home/motoki/kosyu_ws/install/pub/share/pub/local_setup.sh
[0.329s] -- Up-to-date symlink: /home/motoki/kosyu_ws/install/pub/share/pub/local_setup.zsh
[0.330s] -- Up-to-date symlink: /home/motoki/kosyu_ws/install/pub/share/pub/local_setup.dsv
[0.330s] -- Symlinking: /home/motoki/kosyu_ws/install/pub/share/pub/package.dsv
[0.358s] -- Up-to-date symlink: /home/motoki/kosyu_ws/install/pub/share/ament_index/resource_index/packages/pub
[0.360s] -- Up-to-date symlink: /home/motoki/kosyu_ws/install/pub/share/pub/cmake/pubConfig.cmake
[0.363s] -- Up-to-date symlink: /home/motoki/kosyu_ws/install/pub/share/pub/cmake/pubConfig-version.cmake
[0.363s] -- Up-to-date symlink: /home/motoki/kosyu_ws/install/pub/share/pub/package.xml
[0.507s] Invoked command in '/home/motoki/kosyu_ws/build/pub' returned '0': CMAKE_PREFIX_PATH=${CMAKE_PREFIX_PATH}:/home/motoki/my_ws/install/yolo:/home/motoki/my_ws/install/robot_op2:/home/motoki/my_ws/install/robot_op:/home/motoki/my_ws/install/robot_odom:/home/motoki/my_ws/install/robot_goal:/opt/ros/foxy /usr/bin/cmake --install /home/motoki/kosyu_ws/build/pub
