[0.043s] Invoking command in '/home/motoki/kosyu_ws/build/pub': CMAKE_PREFIX_PATH=${CMAKE_PREFIX_PATH}:/home/motoki/my_ws/install/yolo:/home/motoki/my_ws/install/robot_op2:/home/motoki/my_ws/install/robot_op:/home/motoki/my_ws/install/robot_odom:/home/motoki/my_ws/install/robot_goal:/opt/ros/foxy /usr/bin/cmake --build /home/motoki/kosyu_ws/build/pub -- -j6 -l6
[0.142s] [35m[1mScanning dependencies of target pub_node[0m
[0.221s] [ 66%] [32mBuilding CXX object CMakeFiles/pub_node.dir/src/main.cpp.o[0m
[0.222s] [ 66%] [32mBuilding CXX object CMakeFiles/pub_node.dir/src/pub_node.cpp.o[0m
[0.431s] In file included from [01m[K/home/motoki/kosyu_ws/src/pub/src/main.cpp:2[m[K:
[0.431s] [01m[K/home/motoki/kosyu_ws/src/pub/src/pub_node.hpp:1:2:[m[K [01;31m[Kerror: [m[Kinvalid preprocessing directive #inculde; did you mean #include?
[0.432s]     1 | #[01;31m[Kinculde[m[K <rclcpp/rclcpp.hpp>
[0.432s]       |  [01;31m[K^~~~~~~[m[K
[0.432s]       |  [32m[Kinclude[m[K
[0.432s] In file included from [01m[K/home/motoki/kosyu_ws/src/pub/src/pub_node.cpp:2[m[K:
[0.432s] [01m[K/home/motoki/kosyu_ws/src/pub/src/pub_node.hpp:1:2:[m[K [01;31m[Kerror: [m[Kinvalid preprocessing directive #inculde; did you mean #include?
[0.432s]     1 | #[01;31m[Kinculde[m[K <rclcpp/rclcpp.hpp>
[0.432s]       |  [01;31m[K^~~~~~~[m[K
[0.432s]       |  [32m[Kinclude[m[K
[3.167s] [01m[K/home/motoki/kosyu_ws/src/pub/src/pub_node.hpp:3:31:[m[K [01;31m[Kerror: [m[Kexpected class-name before ‘[01m[Krclcpp[m[K’
[3.167s]     3 | class PubNode : public rclcpp [01;31m[Krclcpp[m[K::Node{
[3.167s]       |                               [01;31m[K^~~~~~[m[K
[3.168s] [01m[K/home/motoki/kosyu_ws/src/pub/src/pub_node.hpp:3:31:[m[K [01;31m[Kerror: [m[Kexpected ‘[01m[K{[m[K’ before ‘[01m[Krclcpp[m[K’
[3.168s] [01m[K/home/motoki/kosyu_ws/src/pub/src/pub_node.hpp:4:5:[m[K [01;31m[Kerror: [m[Kexpected primary-expression before ‘[01m[Kpublic[m[K’
[3.168s]     4 |     [01;31m[Kpublic[m[K:
[3.168s]       |     [01;31m[K^~~~~~[m[K
[3.168s] [01m[K/home/motoki/kosyu_ws/src/pub/src/pub_node.hpp:4:5:[m[K [01;31m[Kerror: [m[Kexpected ‘[01m[K}[m[K’ before ‘[01m[Kpublic[m[K’
[3.168s] [01m[K/home/motoki/kosyu_ws/src/pub/src/pub_node.hpp:3:43:[m[K [01;36m[Knote: [m[Kto match this ‘[01m[K{[m[K’
[3.169s]     3 | class PubNode : public rclcpp rclcpp::Node[01;36m[K{[m[K
[3.169s]       |                                           [01;36m[K^[m[K
[3.169s] [01m[K/home/motoki/kosyu_ws/src/pub/src/pub_node.hpp:9:1:[m[K [01;31m[Kerror: [m[Kexpected declaration before ‘[01m[K}[m[K’ token
[3.169s]     9 | [01;31m[K}[m[K
[3.169s]       | [01;31m[K^[m[K
[3.170s] [01m[K/home/motoki/kosyu_ws/src/pub/src/pub_node.hpp:3:31:[m[K [01;31m[Kerror: [m[Kexpected class-name before ‘[01m[Krclcpp[m[K’
[3.170s]     3 | class PubNode : public rclcpp [01;31m[Krclcpp[m[K::Node{
[3.170s]       |                               [01;31m[K^~~~~~[m[K
[3.170s] [01m[K/home/motoki/kosyu_ws/src/pub/src/pub_node.hpp:3:31:[m[K [01;31m[Kerror: [m[Kexpected ‘[01m[K{[m[K’ before ‘[01m[Krclcpp[m[K’
[3.170s] [01m[K/home/motoki/kosyu_ws/src/pub/src/pub_node.hpp:4:5:[m[K [01;31m[Kerror: [m[Kexpected primary-expression before ‘[01m[Kpublic[m[K’
[3.170s]     4 |     [01;31m[Kpublic[m[K:
[3.170s]       |     [01;31m[K^~~~~~[m[K
[3.170s] [01m[K/home/motoki/kosyu_ws/src/pub/src/pub_node.hpp:4:5:[m[K [01;31m[Kerror: [m[Kexpected ‘[01m[K}[m[K’ before ‘[01m[Kpublic[m[K’
[3.170s] [01m[K/home/motoki/kosyu_ws/src/pub/src/pub_node.hpp:3:43:[m[K [01;36m[Knote: [m[Kto match this ‘[01m[K{[m[K’
[3.171s]     3 | class PubNode : public rclcpp rclcpp::Node[01;36m[K{[m[K
[3.171s]       |                                           [01;36m[K^[m[K
[3.171s] [01m[K/home/motoki/kosyu_ws/src/pub/src/pub_node.hpp:9:1:[m[K [01;31m[Kerror: [m[Kexpected declaration before ‘[01m[K}[m[K’ token
[3.171s]     9 | [01;31m[K}[m[K
[3.171s]       | [01;31m[K^[m[K
[3.171s] [01m[K/home/motoki/kosyu_ws/src/pub/src/pub_node.cpp:4:83:[m[K [01;31m[Kerror: [m[Kinvalid use of incomplete type ‘[01m[Kclass PubNode[m[K’
[3.171s]     4 | t std::string& name_space, const rclcpp::NodeOptions& options[01;31m[K)[m[K
[3.171s]       |                                                              [01;31m[K^[m[K
[3.171s] 
[3.172s] In file included from [01m[K/home/motoki/kosyu_ws/src/pub/src/pub_node.cpp:2[m[K:
[3.172s] [01m[K/home/motoki/kosyu_ws/src/pub/src/pub_node.hpp:3:7:[m[K [01;36m[Knote: [m[Kforward declaration of ‘[01m[Kclass PubNode[m[K’
[3.172s]     3 | class [01;36m[KPubNode[m[K : public rclcpp rclcpp::Node{
[3.172s]       |       [01;36m[K^~~~~~~[m[K
[3.177s] [01m[K/home/motoki/kosyu_ws/src/pub/src/main.cpp:[m[K In function ‘[01m[Kint main(int, char**)[m[K’:
[3.177s] [01m[K/home/motoki/kosyu_ws/src/pub/src/main.cpp:7:22:[m[K [01;31m[Kerror: [m[Kno matching function for call to ‘[01m[Kspin(std::shared_ptr<PubNode>&)[m[K’
[3.177s]     7 |     rclcpp::spin(node[01;31m[K)[m[K;
[3.177s]       |                      [01;31m[K^[m[K
[3.177s] In file included from [01m[K/opt/ros/foxy/include/rclcpp/rclcpp.hpp:146[m[K,
[3.177s]                  from [01m[K/home/motoki/kosyu_ws/src/pub/src/main.cpp:1[m[K:
[3.177s] [01m[K/opt/ros/foxy/include/rclcpp/executors.hpp:45:1:[m[K [01;36m[Knote: [m[Kcandidate: ‘[01m[Kvoid rclcpp::spin(rclcpp::node_interfaces::NodeBaseInterface::SharedPtr)[m[K’
[3.178s]    45 | [01;36m[Kspin[m[K(rclcpp::node_interfaces::NodeBaseInterface::SharedPtr node_ptr);
[3.178s]       | [01;36m[K^~~~[m[K
[3.178s] [01m[K/opt/ros/foxy/include/rclcpp/executors.hpp:45:60:[m[K [01;36m[Knote: [m[K  no known conversion for argument 1 from ‘[01m[Kshared_ptr<[01;32m[KPubNode[m[K>[m[K’ to ‘[01m[Kshared_ptr<[01;32m[Krclcpp::node_interfaces::NodeBaseInterface[m[K>[m[K’
[3.178s]    45 | spin([01;36m[Krclcpp::node_interfaces::NodeBaseInterface::SharedPtr node_ptr[m[K);
[3.178s]       |      [01;36m[K~~~~~~~~~~~~~~~~~~~~~~~~~~~~~~~~~~~~~~~~~~~~~~~~~~~~~~^~~~~~~~[m[K
[3.178s] [01m[K/opt/ros/foxy/include/rclcpp/executors.hpp:49:1:[m[K [01;36m[Knote: [m[Kcandidate: ‘[01m[Kvoid rclcpp::spin(rclcpp::Node::SharedPtr)[m[K’
[3.178s]    49 | [01;36m[Kspin[m[K(rclcpp::Node::SharedPtr node_ptr);
[3.178s]       | [01;36m[K^~~~[m[K
[3.179s] [01m[K/opt/ros/foxy/include/rclcpp/executors.hpp:49:30:[m[K [01;36m[Knote: [m[K  no known conversion for argument 1 from ‘[01m[Kshared_ptr<[01;32m[KPubNode[m[K>[m[K’ to ‘[01m[Kshared_ptr<[01;32m[Krclcpp::Node[m[K>[m[K’
[3.179s]    49 | spin([01;36m[Krclcpp::Node::SharedPtr node_ptr[m[K);
[3.179s]       |      [01;36m[K~~~~~~~~~~~~~~~~~~~~~~~~^~~~~~~~[m[K
[3.837s] In file included from [01m[K/usr/include/c++/9/bits/shared_ptr_base.h:56[m[K,
[3.837s]                  from [01m[K/usr/include/c++/9/bits/shared_ptr.h:52[m[K,
[3.838s]                  from [01m[K/usr/include/c++/9/memory:81[m[K,
[3.838s]                  from [01m[K/opt/ros/foxy/include/rclcpp/rclcpp.hpp:144[m[K,
[3.838s]                  from [01m[K/home/motoki/kosyu_ws/src/pub/src/main.cpp:1[m[K:
[3.838s] /usr/include/c++/9/ext/aligned_buffer.h: In instantiation of ‘[01m[Kstruct __gnu_cxx::__aligned_buffer<PubNode>[m[K’:
[3.838s] [01m[K/usr/include/c++/9/bits/shared_ptr_base.h:535:35:[m[K   required from ‘[01m[Kclass std::_Sp_counted_ptr_inplace<PubNode, std::allocator<PubNode>, __gnu_cxx::_S_atomic>::_Impl[m[K’
[3.838s] [01m[K/usr/include/c++/9/bits/shared_ptr_base.h:596:13:[m[K   required from ‘[01m[Kclass std::_Sp_counted_ptr_inplace<PubNode, std::allocator<PubNode>, __gnu_cxx::_S_atomic>[m[K’
[3.838s] [01m[K/usr/include/c++/9/bits/shared_ptr_base.h:676:43:[m[K   required from ‘[01m[Kstd::__shared_count<_Lp>::__shared_count(_Tp*&, std::_Sp_alloc_shared_tag<_Alloc>, _Args&& ...) [with _Tp = PubNode; _Alloc = std::allocator<PubNode>; _Args = {}; __gnu_cxx::_Lock_policy _Lp = __gnu_cxx::_S_atomic][m[K’
[3.838s] [01m[K/usr/include/c++/9/bits/shared_ptr_base.h:1344:71:[m[K   required from ‘[01m[Kstd::__shared_ptr<_Tp, _Lp>::__shared_ptr(std::_Sp_alloc_shared_tag<_Tp>, _Args&& ...) [with _Alloc = std::allocator<PubNode>; _Args = {}; _Tp = PubNode; __gnu_cxx::_Lock_policy _Lp = __gnu_cxx::_S_atomic][m[K’
[3.839s] [01m[K/usr/include/c++/9/bits/shared_ptr.h:359:59:[m[K   required from ‘[01m[Kstd::shared_ptr<_Tp>::shared_ptr(std::_Sp_alloc_shared_tag<_Tp>, _Args&& ...) [with _Alloc = std::allocator<PubNode>; _Args = {}; _Tp = PubNode][m[K’
[3.839s] [01m[K/usr/include/c++/9/bits/shared_ptr.h:701:14:[m[K   required from ‘[01m[Kstd::shared_ptr<_Tp> std::allocate_shared(const _Alloc&, _Args&& ...) [with _Tp = PubNode; _Alloc = std::allocator<PubNode>; _Args = {}][m[K’
[3.839s] [01m[K/usr/include/c++/9/bits/shared_ptr.h:717:39:[m[K   required from ‘[01m[Kstd::shared_ptr<_Tp> std::make_shared(_Args&& ...) [with _Tp = PubNode; _Args = {}][m[K’
[3.839s] [01m[K/home/motoki/kosyu_ws/src/pub/src/main.cpp:6:43:[m[K   required from here
[3.839s] [01m[K/usr/include/c++/9/ext/aligned_buffer.h:91:28:[m[K [01;31m[Kerror: [m[Kinvalid application of ‘[01m[Ksizeof[m[K’ to incomplete type ‘[01m[KPubNode[m[K’
[3.839s]    91 |     : std::aligned_storage<[01;31m[Ksizeof(_Tp)[m[K, __alignof__(_Tp)>
[3.839s]       |                            [01;31m[K^~~~~~~~~~~[m[K
[3.839s] [01m[K/usr/include/c++/9/ext/aligned_buffer.h:91:28:[m[K [01;31m[Kerror: [m[Kinvalid application of ‘[01m[Ksizeof[m[K’ to incomplete type ‘[01m[KPubNode[m[K’
[4.118s] make[2]: *** [CMakeFiles/pub_node.dir/build.make:63: CMakeFiles/pub_node.dir/src/pub_node.cpp.o] Error 1
[4.118s] make[2]: *** Waiting for unfinished jobs....
[4.119s] make[2]: *** [CMakeFiles/pub_node.dir/build.make:76: CMakeFiles/pub_node.dir/src/main.cpp.o] Error 1
[4.119s] make[1]: *** [CMakeFiles/Makefile2:78: CMakeFiles/pub_node.dir/all] Error 2
[4.119s] make: *** [Makefile:141: all] Error 2
[4.124s] Invoked command in '/home/motoki/kosyu_ws/build/pub' returned '2': CMAKE_PREFIX_PATH=${CMAKE_PREFIX_PATH}:/home/motoki/my_ws/install/yolo:/home/motoki/my_ws/install/robot_op2:/home/motoki/my_ws/install/robot_op:/home/motoki/my_ws/install/robot_odom:/home/motoki/my_ws/install/robot_goal:/opt/ros/foxy /usr/bin/cmake --build /home/motoki/kosyu_ws/build/pub -- -j6 -l6
