-- Found ament_cmake: 0.9.12 (/opt/ros/foxy/share/ament_cmake/cmake)
-- Using PYTHON_EXECUTABLE: /usr/bin/python3
-- Override CMake install command with custom implementation using symlinks instead of copying resources
-- Found rclcpp: 2.4.3 (/opt/ros/foxy/share/rclcpp/cmake)
-- Using all available rosidl_typesupport_c: rosidl_typesupport_fastrtps_c;rosidl_typesupport_introspection_c
-- Found rosidl_adapter: 1.3.1 (/opt/ros/foxy/share/rosidl_adapter/cmake)
-- Found OpenSSL: /usr/lib/aarch64-linux-gnu/libcrypto.so (found version "1.1.1f")  
-- Found FastRTPS: /opt/ros/foxy/include  
-- Using all available rosidl_typesupport_cpp: rosidl_typesupport_fastrtps_cpp;rosidl_typesupport_introspection_cpp
-- Found rmw_implementation_cmake: 1.0.4 (/opt/ros/foxy/share/rmw_implementation_cmake/cmake)
-- Using RMW implementation 'rmw_fastrtps_cpp' as default
-- Looking for pthread.h
-- Looking for pthread.h - found
-- Performing Test CMAKE_HAVE_LIBC_PTHREAD
-- Performing Test CMAKE_HAVE_LIBC_PTHREAD - Failed
-- Looking for pthread_create in pthreads
-- Looking for pthread_create in pthreads - not found
-- Looking for pthread_create in pthread
-- Looking for pthread_create in pthread - found
-- Found Threads: TRUE  
-- Found ament_lint_auto: 0.9.8 (/opt/ros/foxy/share/ament_lint_auto/cmake)
Error parsing '/home/motoki/kosyu_ws/src/pub/package.xml':
Traceback (most recent call last):
  File "/opt/ros/foxy/share/ament_cmake_core/cmake/core/package_xml_2_cmake.py", line 143, in <module>
    main()
  File "/opt/ros/foxy/share/ament_cmake_core/cmake/core/package_xml_2_cmake.py", line 52, in main
    raise e
  File "/opt/ros/foxy/share/ament_cmake_core/cmake/core/package_xml_2_cmake.py", line 48, in main
    package = parse_package_string(
  File "/usr/lib/python3/dist-packages/catkin_pkg/package.py", line 786, in parse_package_string
    raise InvalidPackage('Error(s):%s' % (''.join(['\n- %s' % e for e in errors])), filename)
catkin_pkg.package.InvalidPackage: Error(s) in package '/home/motoki/kosyu_ws/src/pub/package.xml':
Error(s):
- The manifest of package "pub" (with format version 3) must not contain the following tags: dependency
CMake Error at /opt/ros/foxy/share/ament_cmake_core/cmake/core/ament_package_xml.cmake:94 (message):
  execute_process(/usr/bin/python3
  /opt/ros/foxy/share/ament_cmake_core/cmake/core/package_xml_2_cmake.py
  /home/motoki/kosyu_ws/src/pub/package.xml
  /home/motoki/kosyu_ws/build/pub/ament_cmake_core/package.cmake) returned
  error code 1
Call Stack (most recent call first):
  /opt/ros/foxy/share/ament_cmake_core/cmake/core/ament_package_xml.cmake:49 (_ament_package_xml)
  /opt/ros/foxy/share/ament_lint_auto/cmake/ament_lint_auto_find_test_dependencies.cmake:31 (ament_package_xml)
  CMakeLists.txt:48 (ament_lint_auto_find_test_dependencies)


-- Configuring incomplete, errors occurred!
See also "/home/motoki/kosyu_ws/build/pub/CMakeFiles/CMakeOutput.log".
See also "/home/motoki/kosyu_ws/build/pub/CMakeFiles/CMakeError.log".
