[0.074s] Invoking command in '/home/motoki/kosyu_ws/build/pub': /usr/bin/cmake /home/motoki/kosyu_ws/src/pub -DCMAKE_INSTALL_PREFIX=/home/motoki/kosyu_ws/install/pub
[0.107s] -- Found ament_cmake: 0.9.12 (/opt/ros/foxy/share/ament_cmake/cmake)
[0.183s] -- Using PYTHON_EXECUTABLE: /usr/bin/python3
[0.645s] -- Override CMake install command with custom implementation using symlinks instead of copying resources
[0.738s] -- Found rclcpp: 2.4.3 (/opt/ros/foxy/share/rclcpp/cmake)
[1.009s] -- Using all available rosidl_typesupport_c: rosidl_typesupport_fastrtps_c;rosidl_typesupport_introspection_c
[1.029s] -- Found rosidl_adapter: 1.3.1 (/opt/ros/foxy/share/rosidl_adapter/cmake)
[1.673s] -- Found OpenSSL: /usr/lib/aarch64-linux-gnu/libcrypto.so (found version "1.1.1f")  
[2.007s] -- Found FastRTPS: /opt/ros/foxy/include  
[2.356s] -- Using all available rosidl_typesupport_cpp: rosidl_typesupport_fastrtps_cpp;rosidl_typesupport_introspection_cpp
[2.645s] -- Found rmw_implementation_cmake: 1.0.4 (/opt/ros/foxy/share/rmw_implementation_cmake/cmake)
[2.651s] -- Using RMW implementation 'rmw_fastrtps_cpp' as default
[2.655s] -- Looking for pthread.h
[2.991s] -- Looking for pthread.h - found
[2.992s] -- Performing Test CMAKE_HAVE_LIBC_PTHREAD
[3.381s] -- Performing Test CMAKE_HAVE_LIBC_PTHREAD - Failed
[3.382s] -- Looking for pthread_create in pthreads
[3.892s] -- Looking for pthread_create in pthreads - not found
[3.892s] -- Looking for pthread_create in pthread
[4.131s] -- Looking for pthread_create in pthread - found
[4.135s] -- Found Threads: TRUE  
[5.449s] -- Found ament_lint_auto: 0.9.8 (/opt/ros/foxy/share/ament_lint_auto/cmake)
[5.570s] Error parsing '/home/motoki/kosyu_ws/src/pub/package.xml':
[5.926s] Traceback (most recent call last):
[5.927s]   File "/opt/ros/foxy/share/ament_cmake_core/cmake/core/package_xml_2_cmake.py", line 143, in <module>
[5.927s]     main()
[5.927s]   File "/opt/ros/foxy/share/ament_cmake_core/cmake/core/package_xml_2_cmake.py", line 52, in main
[5.927s]     raise e
[5.927s]   File "/opt/ros/foxy/share/ament_cmake_core/cmake/core/package_xml_2_cmake.py", line 48, in main
[5.928s]     package = parse_package_string(
[5.928s]   File "/usr/lib/python3/dist-packages/catkin_pkg/package.py", line 786, in parse_package_string
[5.928s]     raise InvalidPackage('Error(s):%s' % (''.join(['\n- %s' % e for e in errors])), filename)
[5.928s] catkin_pkg.package.InvalidPackage: Error(s) in package '/home/motoki/kosyu_ws/src/pub/package.xml':
[5.928s] Error(s):
[5.928s] - The manifest of package "pub" (with format version 3) must not contain the following tags: dependency
[6.021s] CMake Error at /opt/ros/foxy/share/ament_cmake_core/cmake/core/ament_package_xml.cmake:94 (message):
[6.021s]   execute_process(/usr/bin/python3
[6.021s]   /opt/ros/foxy/share/ament_cmake_core/cmake/core/package_xml_2_cmake.py
[6.021s]   /home/motoki/kosyu_ws/src/pub/package.xml
[6.022s]   /home/motoki/kosyu_ws/build/pub/ament_cmake_core/package.cmake) returned
[6.022s]   error code 1
[6.022s] Call Stack (most recent call first):
[6.022s]   /opt/ros/foxy/share/ament_cmake_core/cmake/core/ament_package_xml.cmake:49 (_ament_package_xml)
[6.022s]   /opt/ros/foxy/share/ament_lint_auto/cmake/ament_lint_auto_find_test_dependencies.cmake:31 (ament_package_xml)
[6.022s]   CMakeLists.txt:48 (ament_lint_auto_find_test_dependencies)
[6.022s] 
[6.022s] 
[6.026s] -- Configuring incomplete, errors occurred!
[6.026s] See also "/home/motoki/kosyu_ws/build/pub/CMakeFiles/CMakeOutput.log".
[6.026s] See also "/home/motoki/kosyu_ws/build/pub/CMakeFiles/CMakeError.log".
[6.059s] Invoked command in '/home/motoki/kosyu_ws/build/pub' returned '1': /usr/bin/cmake /home/motoki/kosyu_ws/src/pub -DCMAKE_INSTALL_PREFIX=/home/motoki/kosyu_ws/install/pub
