[0.606s] DEBUG:colcon:Command line arguments: ['/usr/bin/colcon', 'build', '--symlink-install']
[0.606s] DEBUG:colcon:Parsed command line arguments: Namespace(allow_overriding=[], ament_cmake_args=None, base_paths=['.'], build_base='build', catkin_cmake_args=None, catkin_skip_building_tests=False, cmake_args=None, cmake_clean_cache=False, cmake_clean_first=False, cmake_force_configure=False, cmake_target=None, cmake_target_skip_unavailable=False, continue_on_error=False, event_handlers=None, executor='parallel', ignore_user_meta=False, install_base='install', log_base=None, log_level=None, main=<bound method BuildVerb.main of <colcon_core.verb.build.BuildVerb object at 0xffffa8d24580>>, merge_install=False, metas=['./colcon.meta'], mixin=None, mixin_files=None, mixin_verb=('build',), packages_above=None, packages_above_and_dependencies=None, packages_above_depth=None, packages_end=None, packages_ignore=None, packages_ignore_regex=None, packages_select=None, packages_select_build_failed=False, packages_select_by_dep=None, packages_select_regex=None, packages_select_test_failures=False, packages_skip=None, packages_skip_build_finished=False, packages_skip_by_dep=None, packages_skip_regex=None, packages_skip_test_passed=False, packages_skip_up_to=None, packages_start=None, packages_up_to=None, packages_up_to_regex=None, parallel_workers=6, paths=None, symlink_install=True, test_result_base=None, verb_extension=<colcon_core.verb.build.BuildVerb object at 0xffffa8d24580>, verb_name='build', verb_parser=<colcon_mixin.mixin.mixin_argument.MixinArgumentDecorator object at 0xffffa8be2bb0>)
[0.952s] Level 1:colcon.colcon_core.package_discovery:discover_packages(colcon_meta) check parameters
[0.953s] Level 1:colcon.colcon_core.package_discovery:discover_packages(recursive) check parameters
[0.953s] Level 1:colcon.colcon_core.package_discovery:discover_packages(ignore) check parameters
[0.953s] Level 1:colcon.colcon_core.package_discovery:discover_packages(path) check parameters
[0.953s] Level 1:colcon.colcon_core.package_discovery:discover_packages(colcon_meta) discover
[0.953s] Level 1:colcon.colcon_core.package_discovery:discover_packages(recursive) discover
[0.953s] INFO:colcon.colcon_core.package_discovery:Crawling recursively for packages in '/home/motoki/kosyu_ws'
[0.953s] Level 1:colcon.colcon_core.package_identification:_identify(.) by extensions ['ignore', 'ignore_ament_install']
[0.954s] Level 1:colcon.colcon_core.package_identification:_identify(.) by extension 'ignore'
[0.954s] Level 1:colcon.colcon_core.package_identification:_identify(.) by extension 'ignore_ament_install'
[0.954s] Level 1:colcon.colcon_core.package_identification:_identify(.) by extensions ['colcon_pkg']
[0.954s] Level 1:colcon.colcon_core.package_identification:_identify(.) by extension 'colcon_pkg'
[0.954s] Level 1:colcon.colcon_core.package_identification:_identify(.) by extensions ['colcon_meta']
[0.954s] Level 1:colcon.colcon_core.package_identification:_identify(.) by extension 'colcon_meta'
[0.954s] Level 1:colcon.colcon_core.package_identification:_identify(.) by extensions ['ros']
[0.954s] Level 1:colcon.colcon_core.package_identification:_identify(.) by extension 'ros'
[0.979s] Level 1:colcon.colcon_core.package_identification:_identify(.) by extensions ['cmake', 'python']
[0.980s] Level 1:colcon.colcon_core.package_identification:_identify(.) by extension 'cmake'
[0.980s] Level 1:colcon.colcon_core.package_identification:_identify(.) by extension 'python'
[0.980s] Level 1:colcon.colcon_core.package_identification:_identify(.) by extensions ['python_setup_py']
[0.980s] Level 1:colcon.colcon_core.package_identification:_identify(.) by extension 'python_setup_py'
[0.980s] Level 1:colcon.colcon_core.package_identification:_identify(build) by extensions ['ignore', 'ignore_ament_install']
[0.981s] Level 1:colcon.colcon_core.package_identification:_identify(build) by extension 'ignore'
[0.981s] Level 1:colcon.colcon_core.package_identification:_identify(build) ignored
[0.981s] Level 1:colcon.colcon_core.package_identification:_identify(install) by extensions ['ignore', 'ignore_ament_install']
[0.981s] Level 1:colcon.colcon_core.package_identification:_identify(install) by extension 'ignore'
[0.981s] Level 1:colcon.colcon_core.package_identification:_identify(install) ignored
[0.982s] Level 1:colcon.colcon_core.package_identification:_identify(log) by extensions ['ignore', 'ignore_ament_install']
[0.982s] Level 1:colcon.colcon_core.package_identification:_identify(log) by extension 'ignore'
[0.982s] Level 1:colcon.colcon_core.package_identification:_identify(log) ignored
[0.982s] Level 1:colcon.colcon_core.package_identification:_identify(src) by extensions ['ignore', 'ignore_ament_install']
[0.982s] Level 1:colcon.colcon_core.package_identification:_identify(src) by extension 'ignore'
[0.982s] Level 1:colcon.colcon_core.package_identification:_identify(src) by extension 'ignore_ament_install'
[0.983s] Level 1:colcon.colcon_core.package_identification:_identify(src) by extensions ['colcon_pkg']
[0.983s] Level 1:colcon.colcon_core.package_identification:_identify(src) by extension 'colcon_pkg'
[0.983s] Level 1:colcon.colcon_core.package_identification:_identify(src) by extensions ['colcon_meta']
[0.983s] Level 1:colcon.colcon_core.package_identification:_identify(src) by extension 'colcon_meta'
[0.983s] Level 1:colcon.colcon_core.package_identification:_identify(src) by extensions ['ros']
[0.983s] Level 1:colcon.colcon_core.package_identification:_identify(src) by extension 'ros'
[0.983s] Level 1:colcon.colcon_core.package_identification:_identify(src) by extensions ['cmake', 'python']
[0.983s] Level 1:colcon.colcon_core.package_identification:_identify(src) by extension 'cmake'
[0.983s] Level 1:colcon.colcon_core.package_identification:_identify(src) by extension 'python'
[0.983s] Level 1:colcon.colcon_core.package_identification:_identify(src) by extensions ['python_setup_py']
[0.983s] Level 1:colcon.colcon_core.package_identification:_identify(src) by extension 'python_setup_py'
[0.984s] Level 1:colcon.colcon_core.package_identification:_identify(src/pub) by extensions ['ignore', 'ignore_ament_install']
[0.984s] Level 1:colcon.colcon_core.package_identification:_identify(src/pub) by extension 'ignore'
[0.984s] Level 1:colcon.colcon_core.package_identification:_identify(src/pub) by extension 'ignore_ament_install'
[0.984s] Level 1:colcon.colcon_core.package_identification:_identify(src/pub) by extensions ['colcon_pkg']
[0.984s] Level 1:colcon.colcon_core.package_identification:_identify(src/pub) by extension 'colcon_pkg'
[0.984s] Level 1:colcon.colcon_core.package_identification:_identify(src/pub) by extensions ['colcon_meta']
[0.984s] Level 1:colcon.colcon_core.package_identification:_identify(src/pub) by extension 'colcon_meta'
[0.984s] Level 1:colcon.colcon_core.package_identification:_identify(src/pub) by extensions ['ros']
[0.984s] Level 1:colcon.colcon_core.package_identification:_identify(src/pub) by extension 'ros'
[0.990s] DEBUG:colcon.colcon_core.package_identification:Package 'src/pub' with type 'ros.ament_cmake' and name 'pub'
[0.990s] Level 1:colcon.colcon_core.package_identification:_identify(src/sub) by extensions ['ignore', 'ignore_ament_install']
[0.991s] Level 1:colcon.colcon_core.package_identification:_identify(src/sub) by extension 'ignore'
[0.991s] Level 1:colcon.colcon_core.package_identification:_identify(src/sub) by extension 'ignore_ament_install'
[0.991s] Level 1:colcon.colcon_core.package_identification:_identify(src/sub) by extensions ['colcon_pkg']
[0.991s] Level 1:colcon.colcon_core.package_identification:_identify(src/sub) by extension 'colcon_pkg'
[0.991s] Level 1:colcon.colcon_core.package_identification:_identify(src/sub) by extensions ['colcon_meta']
[0.991s] Level 1:colcon.colcon_core.package_identification:_identify(src/sub) by extension 'colcon_meta'
[0.991s] Level 1:colcon.colcon_core.package_identification:_identify(src/sub) by extensions ['ros']
[0.991s] Level 1:colcon.colcon_core.package_identification:_identify(src/sub) by extension 'ros'
[0.992s] DEBUG:colcon.colcon_core.package_identification:Package 'src/sub' with type 'ros.ament_cmake' and name 'sub'
[0.993s] Level 1:colcon.colcon_core.package_discovery:discover_packages(recursive) using defaults
[0.993s] Level 1:colcon.colcon_core.package_discovery:discover_packages(ignore) discover
[0.993s] Level 1:colcon.colcon_core.package_discovery:discover_packages(ignore) using defaults
[0.993s] Level 1:colcon.colcon_core.package_discovery:discover_packages(path) discover
[0.993s] Level 1:colcon.colcon_core.package_discovery:discover_packages(path) using defaults
[1.028s] Level 1:colcon.colcon_core.package_discovery:discover_packages(prefix_path) check parameters
[1.028s] Level 1:colcon.colcon_core.package_discovery:discover_packages(prefix_path) discover
[1.037s] DEBUG:colcon.colcon_installed_package_information.package_discovery:Found 2 installed packages in /home/motoki/kosyu_ws/install
[1.039s] DEBUG:colcon.colcon_installed_package_information.package_discovery:Found 8 installed packages in /home/motoki/my_ws/install
[1.040s] DEBUG:colcon.colcon_installed_package_information.package_discovery:Found 1 installed packages in /home/motoki/ydlidar_ros2_ws/install
[1.042s] DEBUG:colcon.colcon_installed_package_information.package_discovery:Found 290 installed packages in /opt/ros/foxy
[1.091s] Level 1:colcon.colcon_core.package_discovery:discover_packages(prefix_path) using defaults
[1.226s] Level 5:colcon.colcon_core.verb:set package 'pub' build argument 'cmake_args' from command line to 'None'
[1.226s] Level 5:colcon.colcon_core.verb:set package 'pub' build argument 'cmake_target' from command line to 'None'
[1.226s] Level 5:colcon.colcon_core.verb:set package 'pub' build argument 'cmake_target_skip_unavailable' from command line to 'False'
[1.226s] Level 5:colcon.colcon_core.verb:set package 'pub' build argument 'cmake_clean_cache' from command line to 'False'
[1.226s] Level 5:colcon.colcon_core.verb:set package 'pub' build argument 'cmake_clean_first' from command line to 'False'
[1.226s] Level 5:colcon.colcon_core.verb:set package 'pub' build argument 'cmake_force_configure' from command line to 'False'
[1.227s] Level 5:colcon.colcon_core.verb:set package 'pub' build argument 'ament_cmake_args' from command line to 'None'
[1.227s] Level 5:colcon.colcon_core.verb:set package 'pub' build argument 'catkin_cmake_args' from command line to 'None'
[1.227s] Level 5:colcon.colcon_core.verb:set package 'pub' build argument 'catkin_skip_building_tests' from command line to 'False'
[1.227s] DEBUG:colcon.colcon_core.verb:Building package 'pub' with the following arguments: {'ament_cmake_args': None, 'build_base': '/home/motoki/kosyu_ws/build/pub', 'catkin_cmake_args': None, 'catkin_skip_building_tests': False, 'cmake_args': None, 'cmake_clean_cache': False, 'cmake_clean_first': False, 'cmake_force_configure': False, 'cmake_target': None, 'cmake_target_skip_unavailable': False, 'install_base': '/home/motoki/kosyu_ws/install/pub', 'merge_install': False, 'path': '/home/motoki/kosyu_ws/src/pub', 'symlink_install': True, 'test_result_base': None}
[1.228s] Level 5:colcon.colcon_core.verb:set package 'sub' build argument 'cmake_args' from command line to 'None'
[1.228s] Level 5:colcon.colcon_core.verb:set package 'sub' build argument 'cmake_target' from command line to 'None'
[1.228s] Level 5:colcon.colcon_core.verb:set package 'sub' build argument 'cmake_target_skip_unavailable' from command line to 'False'
[1.228s] Level 5:colcon.colcon_core.verb:set package 'sub' build argument 'cmake_clean_cache' from command line to 'False'
[1.228s] Level 5:colcon.colcon_core.verb:set package 'sub' build argument 'cmake_clean_first' from command line to 'False'
[1.228s] Level 5:colcon.colcon_core.verb:set package 'sub' build argument 'cmake_force_configure' from command line to 'False'
[1.228s] Level 5:colcon.colcon_core.verb:set package 'sub' build argument 'ament_cmake_args' from command line to 'None'
[1.228s] Level 5:colcon.colcon_core.verb:set package 'sub' build argument 'catkin_cmake_args' from command line to 'None'
[1.228s] Level 5:colcon.colcon_core.verb:set package 'sub' build argument 'catkin_skip_building_tests' from command line to 'False'
[1.228s] DEBUG:colcon.colcon_core.verb:Building package 'sub' with the following arguments: {'ament_cmake_args': None, 'build_base': '/home/motoki/kosyu_ws/build/sub', 'catkin_cmake_args': None, 'catkin_skip_building_tests': False, 'cmake_args': None, 'cmake_clean_cache': False, 'cmake_clean_first': False, 'cmake_force_configure': False, 'cmake_target': None, 'cmake_target_skip_unavailable': False, 'install_base': '/home/motoki/kosyu_ws/install/sub', 'merge_install': False, 'path': '/home/motoki/kosyu_ws/src/sub', 'symlink_install': True, 'test_result_base': None}
[1.228s] INFO:colcon.colcon_core.executor:Executing jobs using 'parallel' executor
[1.231s] DEBUG:colcon.colcon_parallel_executor.executor.parallel:run_until_complete
[1.232s] INFO:colcon.colcon_ros.task.ament_cmake.build:Building ROS package in '/home/motoki/kosyu_ws/src/pub' with build type 'ament_cmake'
[1.233s] INFO:colcon.colcon_cmake.task.cmake.build:Building CMake package in '/home/motoki/kosyu_ws/src/pub'
[1.237s] INFO:colcon.colcon_core.plugin_system:Skipping extension 'colcon_core.shell.bat': Not used on non-Windows systems
[1.238s] INFO:colcon.colcon_core.shell:Skip shell extension 'powershell' for command environment: Not usable outside of PowerShell
[1.238s] DEBUG:colcon.colcon_core.shell:Skip shell extension 'dsv' for command environment
[1.259s] INFO:colcon.colcon_ros.task.ament_cmake.build:Building ROS package in '/home/motoki/kosyu_ws/src/sub' with build type 'ament_cmake'
[1.260s] INFO:colcon.colcon_cmake.task.cmake.build:Building CMake package in '/home/motoki/kosyu_ws/src/sub'
[1.263s] INFO:colcon.colcon_core.shell:Skip shell extension 'powershell' for command environment: Not usable outside of PowerShell
[1.263s] DEBUG:colcon.colcon_core.shell:Skip shell extension 'dsv' for command environment
[1.293s] DEBUG:colcon.colcon_core.event_handler.log_command:Invoking command in '/home/motoki/kosyu_ws/build/pub': CMAKE_PREFIX_PATH=${CMAKE_PREFIX_PATH}:/home/motoki/my_ws/install/yolo:/home/motoki/my_ws/install/robot_op2:/home/motoki/my_ws/install/robot_op:/home/motoki/my_ws/install/robot_odom:/home/motoki/my_ws/install/robot_goal:/opt/ros/foxy /usr/bin/cmake --build /home/motoki/kosyu_ws/build/pub -- -j6 -l6
[1.324s] DEBUG:colcon.colcon_core.event_handler.log_command:Invoking command in '/home/motoki/kosyu_ws/build/sub': CMAKE_PREFIX_PATH=${CMAKE_PREFIX_PATH}:/home/motoki/my_ws/install/yolo:/home/motoki/my_ws/install/robot_op2:/home/motoki/my_ws/install/robot_op:/home/motoki/my_ws/install/robot_odom:/home/motoki/my_ws/install/robot_goal:/opt/ros/foxy /usr/bin/cmake --build /home/motoki/kosyu_ws/build/sub -- -j6 -l6
[1.493s] DEBUG:colcon.colcon_core.event_handler.log_command:Invoked command in '/home/motoki/kosyu_ws/build/pub' returned '0': CMAKE_PREFIX_PATH=${CMAKE_PREFIX_PATH}:/home/motoki/my_ws/install/yolo:/home/motoki/my_ws/install/robot_op2:/home/motoki/my_ws/install/robot_op:/home/motoki/my_ws/install/robot_odom:/home/motoki/my_ws/install/robot_goal:/opt/ros/foxy /usr/bin/cmake --build /home/motoki/kosyu_ws/build/pub -- -j6 -l6
[1.535s] DEBUG:colcon.colcon_core.event_handler.log_command:Invoking command in '/home/motoki/kosyu_ws/build/pub': CMAKE_PREFIX_PATH=${CMAKE_PREFIX_PATH}:/home/motoki/my_ws/install/yolo:/home/motoki/my_ws/install/robot_op2:/home/motoki/my_ws/install/robot_op:/home/motoki/my_ws/install/robot_odom:/home/motoki/my_ws/install/robot_goal:/opt/ros/foxy /usr/bin/cmake --install /home/motoki/kosyu_ws/build/pub
[1.598s] Level 1:colcon.colcon_core.environment:create_environment_scripts_only(pub)
[1.600s] DEBUG:colcon.colcon_core.event_handler.log_command:Invoked command in '/home/motoki/kosyu_ws/build/pub' returned '0': CMAKE_PREFIX_PATH=${CMAKE_PREFIX_PATH}:/home/motoki/my_ws/install/yolo:/home/motoki/my_ws/install/robot_op2:/home/motoki/my_ws/install/robot_op:/home/motoki/my_ws/install/robot_odom:/home/motoki/my_ws/install/robot_goal:/opt/ros/foxy /usr/bin/cmake --install /home/motoki/kosyu_ws/build/pub
[1.610s] Level 1:colcon.colcon_core.environment:checking '/home/motoki/kosyu_ws/install/pub' for CMake module files
[1.612s] Level 1:colcon.colcon_core.environment:checking '/home/motoki/kosyu_ws/install/pub' for CMake config files
[1.613s] Level 1:colcon.colcon_core.shell:create_environment_hook('pub', 'cmake_prefix_path')
[1.614s] INFO:colcon.colcon_core.shell:Creating environment hook '/home/motoki/kosyu_ws/install/pub/share/pub/hook/cmake_prefix_path.ps1'
[1.618s] INFO:colcon.colcon_core.shell:Creating environment descriptor '/home/motoki/kosyu_ws/install/pub/share/pub/hook/cmake_prefix_path.dsv'
[1.620s] INFO:colcon.colcon_core.shell:Creating environment hook '/home/motoki/kosyu_ws/install/pub/share/pub/hook/cmake_prefix_path.sh'
[1.624s] Level 1:colcon.colcon_core.environment:checking '/home/motoki/kosyu_ws/install/pub/lib'
[1.625s] Level 1:colcon.colcon_core.environment:checking '/home/motoki/kosyu_ws/install/pub/bin'
[1.625s] Level 1:colcon.colcon_core.environment:checking '/home/motoki/kosyu_ws/install/pub/lib/pkgconfig/pub.pc'
[1.626s] Level 1:colcon.colcon_core.environment:checking '/home/motoki/kosyu_ws/install/pub/lib/python3.8/site-packages'
[1.627s] Level 1:colcon.colcon_core.environment:checking '/home/motoki/kosyu_ws/install/pub/bin'
[1.628s] INFO:colcon.colcon_core.shell:Creating package script '/home/motoki/kosyu_ws/install/pub/share/pub/package.ps1'
[1.631s] INFO:colcon.colcon_core.shell:Creating package descriptor '/home/motoki/kosyu_ws/install/pub/share/pub/package.dsv'
[1.633s] INFO:colcon.colcon_core.shell:Creating package script '/home/motoki/kosyu_ws/install/pub/share/pub/package.sh'
[1.635s] INFO:colcon.colcon_core.shell:Creating package script '/home/motoki/kosyu_ws/install/pub/share/pub/package.bash'
[1.637s] INFO:colcon.colcon_core.shell:Creating package script '/home/motoki/kosyu_ws/install/pub/share/pub/package.zsh'
[1.639s] Level 1:colcon.colcon_core.environment:create_file_with_runtime_dependencies(/home/motoki/kosyu_ws/install/pub/share/colcon-core/packages/pub)
[1.641s] Level 1:colcon.colcon_core.environment:create_environment_scripts_only(pub)
[1.641s] Level 1:colcon.colcon_core.environment:checking '/home/motoki/kosyu_ws/install/pub' for CMake module files
[1.644s] Level 1:colcon.colcon_core.environment:checking '/home/motoki/kosyu_ws/install/pub' for CMake config files
[1.644s] Level 1:colcon.colcon_core.shell:create_environment_hook('pub', 'cmake_prefix_path')
[1.645s] INFO:colcon.colcon_core.shell:Creating environment hook '/home/motoki/kosyu_ws/install/pub/share/pub/hook/cmake_prefix_path.ps1'
[1.759s] INFO:colcon.colcon_core.shell:Creating environment descriptor '/home/motoki/kosyu_ws/install/pub/share/pub/hook/cmake_prefix_path.dsv'
[1.761s] INFO:colcon.colcon_core.shell:Creating environment hook '/home/motoki/kosyu_ws/install/pub/share/pub/hook/cmake_prefix_path.sh'
[1.763s] Level 1:colcon.colcon_core.environment:checking '/home/motoki/kosyu_ws/install/pub/lib'
[1.763s] Level 1:colcon.colcon_core.environment:checking '/home/motoki/kosyu_ws/install/pub/bin'
[1.763s] Level 1:colcon.colcon_core.environment:checking '/home/motoki/kosyu_ws/install/pub/lib/pkgconfig/pub.pc'
[1.764s] Level 1:colcon.colcon_core.environment:checking '/home/motoki/kosyu_ws/install/pub/lib/python3.8/site-packages'
[1.764s] Level 1:colcon.colcon_core.environment:checking '/home/motoki/kosyu_ws/install/pub/bin'
[1.765s] INFO:colcon.colcon_core.shell:Creating package script '/home/motoki/kosyu_ws/install/pub/share/pub/package.ps1'
[1.766s] INFO:colcon.colcon_core.shell:Creating package descriptor '/home/motoki/kosyu_ws/install/pub/share/pub/package.dsv'
[1.767s] INFO:colcon.colcon_core.shell:Creating package script '/home/motoki/kosyu_ws/install/pub/share/pub/package.sh'
[1.768s] INFO:colcon.colcon_core.shell:Creating package script '/home/motoki/kosyu_ws/install/pub/share/pub/package.bash'
[1.769s] INFO:colcon.colcon_core.shell:Creating package script '/home/motoki/kosyu_ws/install/pub/share/pub/package.zsh'
[1.770s] Level 1:colcon.colcon_core.environment:create_file_with_runtime_dependencies(/home/motoki/kosyu_ws/install/pub/share/colcon-core/packages/pub)
[6.396s] Level 1:colcon.colcon_core.environment:create_environment_scripts_only(sub)
[6.397s] Level 1:colcon.colcon_core.environment:checking '/home/motoki/kosyu_ws/install/sub' for CMake module files
[6.399s] Level 1:colcon.colcon_core.environment:checking '/home/motoki/kosyu_ws/install/sub' for CMake config files
[6.402s] Level 1:colcon.colcon_core.shell:create_environment_hook('sub', 'cmake_prefix_path')
[6.402s] INFO:colcon.colcon_core.shell:Creating environment hook '/home/motoki/kosyu_ws/install/sub/share/sub/hook/cmake_prefix_path.ps1'
[6.404s] INFO:colcon.colcon_core.shell:Creating environment descriptor '/home/motoki/kosyu_ws/install/sub/share/sub/hook/cmake_prefix_path.dsv'
[6.405s] INFO:colcon.colcon_core.shell:Creating environment hook '/home/motoki/kosyu_ws/install/sub/share/sub/hook/cmake_prefix_path.sh'
[6.408s] Level 1:colcon.colcon_core.environment:checking '/home/motoki/kosyu_ws/install/sub/bin'
[6.409s] Level 1:colcon.colcon_core.environment:checking '/home/motoki/kosyu_ws/install/sub/lib/pkgconfig/sub.pc'
[6.409s] Level 1:colcon.colcon_core.environment:checking '/home/motoki/kosyu_ws/install/sub/lib/python3.8/site-packages'
[6.409s] Level 1:colcon.colcon_core.environment:checking '/home/motoki/kosyu_ws/install/sub/bin'
[6.410s] INFO:colcon.colcon_core.shell:Creating package script '/home/motoki/kosyu_ws/install/sub/share/sub/package.ps1'
[6.412s] INFO:colcon.colcon_core.shell:Creating package descriptor '/home/motoki/kosyu_ws/install/sub/share/sub/package.dsv'
[6.414s] INFO:colcon.colcon_core.shell:Creating package script '/home/motoki/kosyu_ws/install/sub/share/sub/package.sh'
[6.415s] INFO:colcon.colcon_core.shell:Creating package script '/home/motoki/kosyu_ws/install/sub/share/sub/package.bash'
[6.417s] INFO:colcon.colcon_core.shell:Creating package script '/home/motoki/kosyu_ws/install/sub/share/sub/package.zsh'
[6.420s] Level 1:colcon.colcon_core.environment:create_file_with_runtime_dependencies(/home/motoki/kosyu_ws/install/sub/share/colcon-core/packages/sub)
[7.468s] DEBUG:colcon.colcon_core.event_handler.log_command:Invoked command in '/home/motoki/kosyu_ws/build/sub' returned '2': CMAKE_PREFIX_PATH=${CMAKE_PREFIX_PATH}:/home/motoki/my_ws/install/yolo:/home/motoki/my_ws/install/robot_op2:/home/motoki/my_ws/install/robot_op:/home/motoki/my_ws/install/robot_odom:/home/motoki/my_ws/install/robot_goal:/opt/ros/foxy /usr/bin/cmake --build /home/motoki/kosyu_ws/build/sub -- -j6 -l6
[7.475s] DEBUG:colcon.colcon_parallel_executor.executor.parallel:closing loop
[7.479s] DEBUG:colcon.colcon_parallel_executor.executor.parallel:loop closed
[7.480s] DEBUG:colcon.colcon_parallel_executor.executor.parallel:run_until_complete finished with '2'
[7.480s] DEBUG:colcon.colcon_core.event_reactor:joining thread
[8.089s] INFO:colcon.colcon_core.plugin_system:Skipping extension 'colcon_notification.desktop_notification.terminal_notifier': Not used on non-Darwin systems
[8.089s] INFO:colcon.colcon_core.plugin_system:Skipping extension 'colcon_notification.desktop_notification.win32': Not used on non-Windows systems
[8.089s] INFO:colcon.colcon_notification.desktop_notification:Sending desktop notification using 'notify2'
[8.147s] DEBUG:colcon.colcon_core.event_reactor:joined thread
[8.148s] INFO:colcon.colcon_core.shell:Creating prefix script '/home/motoki/kosyu_ws/install/local_setup.ps1'
[8.151s] INFO:colcon.colcon_core.shell:Creating prefix util module '/home/motoki/kosyu_ws/install/_local_setup_util_ps1.py'
[8.154s] INFO:colcon.colcon_core.shell:Creating prefix chain script '/home/motoki/kosyu_ws/install/setup.ps1'
[8.157s] INFO:colcon.colcon_core.shell:Creating prefix script '/home/motoki/kosyu_ws/install/local_setup.sh'
[8.158s] INFO:colcon.colcon_core.shell:Creating prefix util module '/home/motoki/kosyu_ws/install/_local_setup_util_sh.py'
[8.159s] INFO:colcon.colcon_core.shell:Creating prefix chain script '/home/motoki/kosyu_ws/install/setup.sh'
[8.162s] INFO:colcon.colcon_core.shell:Creating prefix script '/home/motoki/kosyu_ws/install/local_setup.bash'
[8.163s] INFO:colcon.colcon_core.shell:Creating prefix chain script '/home/motoki/kosyu_ws/install/setup.bash'
[8.166s] INFO:colcon.colcon_core.shell:Creating prefix script '/home/motoki/kosyu_ws/install/local_setup.zsh'
[8.167s] INFO:colcon.colcon_core.shell:Creating prefix chain script '/home/motoki/kosyu_ws/install/setup.zsh'
