[0.460s] DEBUG:colcon:Command line arguments: ['/usr/bin/colcon', 'build', '--symlink-install']
[0.460s] DEBUG:colcon:Parsed command line arguments: Namespace(allow_overriding=[], ament_cmake_args=None, base_paths=['.'], build_base='build', catkin_cmake_args=None, catkin_skip_building_tests=False, cmake_args=None, cmake_clean_cache=False, cmake_clean_first=False, cmake_force_configure=False, cmake_target=None, cmake_target_skip_unavailable=False, continue_on_error=False, event_handlers=None, executor='parallel', ignore_user_meta=False, install_base='install', log_base=None, log_level=None, main=<bound method BuildVerb.main of <colcon_core.verb.build.BuildVerb object at 0xffffa73fd520>>, merge_install=False, metas=['./colcon.meta'], mixin=None, mixin_files=None, mixin_verb=('build',), packages_above=None, packages_above_and_dependencies=None, packages_above_depth=None, packages_end=None, packages_ignore=None, packages_ignore_regex=None, packages_select=None, packages_select_build_failed=False, packages_select_by_dep=None, packages_select_regex=None, packages_select_test_failures=False, packages_skip=None, packages_skip_build_finished=False, packages_skip_by_dep=None, packages_skip_regex=None, packages_skip_test_passed=False, packages_skip_up_to=None, packages_start=None, packages_up_to=None, packages_up_to_regex=None, parallel_workers=6, paths=None, symlink_install=True, test_result_base=None, verb_extension=<colcon_core.verb.build.BuildVerb object at 0xffffa73fd520>, verb_name='build', verb_parser=<colcon_mixin.mixin.mixin_argument.MixinArgumentDecorator object at 0xffffa72bbb50>)
[0.809s] Level 1:colcon.colcon_core.package_discovery:discover_packages(colcon_meta) check parameters
[0.810s] Level 1:colcon.colcon_core.package_discovery:discover_packages(recursive) check parameters
[0.810s] Level 1:colcon.colcon_core.package_discovery:discover_packages(ignore) check parameters
[0.810s] Level 1:colcon.colcon_core.package_discovery:discover_packages(path) check parameters
[0.810s] Level 1:colcon.colcon_core.package_discovery:discover_packages(colcon_meta) discover
[0.810s] Level 1:colcon.colcon_core.package_discovery:discover_packages(recursive) discover
[0.810s] INFO:colcon.colcon_core.package_discovery:Crawling recursively for packages in '/home/motoki/kosyu_ws'
[0.811s] Level 1:colcon.colcon_core.package_identification:_identify(.) by extensions ['ignore', 'ignore_ament_install']
[0.811s] Level 1:colcon.colcon_core.package_identification:_identify(.) by extension 'ignore'
[0.811s] Level 1:colcon.colcon_core.package_identification:_identify(.) by extension 'ignore_ament_install'
[0.811s] Level 1:colcon.colcon_core.package_identification:_identify(.) by extensions ['colcon_pkg']
[0.811s] Level 1:colcon.colcon_core.package_identification:_identify(.) by extension 'colcon_pkg'
[0.811s] Level 1:colcon.colcon_core.package_identification:_identify(.) by extensions ['colcon_meta']
[0.811s] Level 1:colcon.colcon_core.package_identification:_identify(.) by extension 'colcon_meta'
[0.811s] Level 1:colcon.colcon_core.package_identification:_identify(.) by extensions ['ros']
[0.812s] Level 1:colcon.colcon_core.package_identification:_identify(.) by extension 'ros'
[0.837s] Level 1:colcon.colcon_core.package_identification:_identify(.) by extensions ['cmake', 'python']
[0.837s] Level 1:colcon.colcon_core.package_identification:_identify(.) by extension 'cmake'
[0.837s] Level 1:colcon.colcon_core.package_identification:_identify(.) by extension 'python'
[0.837s] Level 1:colcon.colcon_core.package_identification:_identify(.) by extensions ['python_setup_py']
[0.837s] Level 1:colcon.colcon_core.package_identification:_identify(.) by extension 'python_setup_py'
[0.838s] Level 1:colcon.colcon_core.package_identification:_identify(build) by extensions ['ignore', 'ignore_ament_install']
[0.838s] Level 1:colcon.colcon_core.package_identification:_identify(build) by extension 'ignore'
[0.838s] Level 1:colcon.colcon_core.package_identification:_identify(build) ignored
[0.838s] Level 1:colcon.colcon_core.package_identification:_identify(install) by extensions ['ignore', 'ignore_ament_install']
[0.839s] Level 1:colcon.colcon_core.package_identification:_identify(install) by extension 'ignore'
[0.839s] Level 1:colcon.colcon_core.package_identification:_identify(install) ignored
[0.839s] Level 1:colcon.colcon_core.package_identification:_identify(log) by extensions ['ignore', 'ignore_ament_install']
[0.839s] Level 1:colcon.colcon_core.package_identification:_identify(log) by extension 'ignore'
[0.839s] Level 1:colcon.colcon_core.package_identification:_identify(log) ignored
[0.839s] Level 1:colcon.colcon_core.package_identification:_identify(src) by extensions ['ignore', 'ignore_ament_install']
[0.840s] Level 1:colcon.colcon_core.package_identification:_identify(src) by extension 'ignore'
[0.840s] Level 1:colcon.colcon_core.package_identification:_identify(src) by extension 'ignore_ament_install'
[0.840s] Level 1:colcon.colcon_core.package_identification:_identify(src) by extensions ['colcon_pkg']
[0.840s] Level 1:colcon.colcon_core.package_identification:_identify(src) by extension 'colcon_pkg'
[0.840s] Level 1:colcon.colcon_core.package_identification:_identify(src) by extensions ['colcon_meta']
[0.840s] Level 1:colcon.colcon_core.package_identification:_identify(src) by extension 'colcon_meta'
[0.840s] Level 1:colcon.colcon_core.package_identification:_identify(src) by extensions ['ros']
[0.840s] Level 1:colcon.colcon_core.package_identification:_identify(src) by extension 'ros'
[0.840s] Level 1:colcon.colcon_core.package_identification:_identify(src) by extensions ['cmake', 'python']
[0.841s] Level 1:colcon.colcon_core.package_identification:_identify(src) by extension 'cmake'
[0.841s] Level 1:colcon.colcon_core.package_identification:_identify(src) by extension 'python'
[0.841s] Level 1:colcon.colcon_core.package_identification:_identify(src) by extensions ['python_setup_py']
[0.841s] Level 1:colcon.colcon_core.package_identification:_identify(src) by extension 'python_setup_py'
[0.841s] Level 1:colcon.colcon_core.package_identification:_identify(src/pub) by extensions ['ignore', 'ignore_ament_install']
[0.841s] Level 1:colcon.colcon_core.package_identification:_identify(src/pub) by extension 'ignore'
[0.841s] Level 1:colcon.colcon_core.package_identification:_identify(src/pub) by extension 'ignore_ament_install'
[0.841s] Level 1:colcon.colcon_core.package_identification:_identify(src/pub) by extensions ['colcon_pkg']
[0.841s] Level 1:colcon.colcon_core.package_identification:_identify(src/pub) by extension 'colcon_pkg'
[0.841s] Level 1:colcon.colcon_core.package_identification:_identify(src/pub) by extensions ['colcon_meta']
[0.842s] Level 1:colcon.colcon_core.package_identification:_identify(src/pub) by extension 'colcon_meta'
[0.842s] Level 1:colcon.colcon_core.package_identification:_identify(src/pub) by extensions ['ros']
[0.842s] Level 1:colcon.colcon_core.package_identification:_identify(src/pub) by extension 'ros'
[0.846s] DEBUG:colcon.colcon_core.package_identification:Found ROS schema reference in package manifest in 'src/pub'
[0.847s] WARNING:colcon.colcon_core.package_identification:Failed to parse ROS package manifest in 'src/pub': Error(s) in package 'src/pub/package.xml':
Error(s):
- The manifest of package "pub" (with format version 3) must not contain the following tags: dependency
[0.847s] Level 1:colcon.colcon_core.package_identification:_identify(src/pub) by extensions ['cmake', 'python']
[0.847s] Level 1:colcon.colcon_core.package_identification:_identify(src/pub) by extension 'cmake'
[0.850s] Level 1:colcon.colcon_core.package_identification:_identify(src/pub) by extension 'python'
[0.850s] DEBUG:colcon.colcon_core.package_identification:Package 'src/pub' with type 'cmake' and name 'pub'
[0.850s] Level 1:colcon.colcon_core.package_identification:_identify(src/sub) by extensions ['ignore', 'ignore_ament_install']
[0.850s] Level 1:colcon.colcon_core.package_identification:_identify(src/sub) by extension 'ignore'
[0.850s] Level 1:colcon.colcon_core.package_identification:_identify(src/sub) by extension 'ignore_ament_install'
[0.851s] Level 1:colcon.colcon_core.package_identification:_identify(src/sub) by extensions ['colcon_pkg']
[0.851s] Level 1:colcon.colcon_core.package_identification:_identify(src/sub) by extension 'colcon_pkg'
[0.851s] Level 1:colcon.colcon_core.package_identification:_identify(src/sub) by extensions ['colcon_meta']
[0.851s] Level 1:colcon.colcon_core.package_identification:_identify(src/sub) by extension 'colcon_meta'
[0.851s] Level 1:colcon.colcon_core.package_identification:_identify(src/sub) by extensions ['ros']
[0.851s] Level 1:colcon.colcon_core.package_identification:_identify(src/sub) by extension 'ros'
[0.853s] DEBUG:colcon.colcon_core.package_identification:Package 'src/sub' with type 'ros.ament_cmake' and name 'sub'
[0.854s] Level 1:colcon.colcon_core.package_discovery:discover_packages(recursive) using defaults
[0.854s] Level 1:colcon.colcon_core.package_discovery:discover_packages(ignore) discover
[0.854s] Level 1:colcon.colcon_core.package_discovery:discover_packages(ignore) using defaults
[0.854s] Level 1:colcon.colcon_core.package_discovery:discover_packages(path) discover
[0.854s] Level 1:colcon.colcon_core.package_discovery:discover_packages(path) using defaults
[0.896s] Level 1:colcon.colcon_core.package_discovery:discover_packages(prefix_path) check parameters
[0.897s] Level 1:colcon.colcon_core.package_discovery:discover_packages(prefix_path) discover
[0.902s] DEBUG:colcon.colcon_installed_package_information.package_discovery:Found 8 installed packages in /home/motoki/my_ws/install
[0.903s] DEBUG:colcon.colcon_installed_package_information.package_discovery:Found 1 installed packages in /home/motoki/ydlidar_ros2_ws/install
[0.906s] DEBUG:colcon.colcon_installed_package_information.package_discovery:Found 290 installed packages in /opt/ros/foxy
[0.957s] Level 1:colcon.colcon_core.package_discovery:discover_packages(prefix_path) using defaults
[1.090s] Level 5:colcon.colcon_core.verb:set package 'pub' build argument 'cmake_args' from command line to 'None'
[1.090s] Level 5:colcon.colcon_core.verb:set package 'pub' build argument 'cmake_target' from command line to 'None'
[1.090s] Level 5:colcon.colcon_core.verb:set package 'pub' build argument 'cmake_target_skip_unavailable' from command line to 'False'
[1.090s] Level 5:colcon.colcon_core.verb:set package 'pub' build argument 'cmake_clean_cache' from command line to 'False'
[1.090s] Level 5:colcon.colcon_core.verb:set package 'pub' build argument 'cmake_clean_first' from command line to 'False'
[1.090s] Level 5:colcon.colcon_core.verb:set package 'pub' build argument 'cmake_force_configure' from command line to 'False'
[1.090s] Level 5:colcon.colcon_core.verb:set package 'pub' build argument 'ament_cmake_args' from command line to 'None'
[1.090s] Level 5:colcon.colcon_core.verb:set package 'pub' build argument 'catkin_cmake_args' from command line to 'None'
[1.090s] Level 5:colcon.colcon_core.verb:set package 'pub' build argument 'catkin_skip_building_tests' from command line to 'False'
[1.090s] DEBUG:colcon.colcon_core.verb:Building package 'pub' with the following arguments: {'ament_cmake_args': None, 'build_base': '/home/motoki/kosyu_ws/build/pub', 'catkin_cmake_args': None, 'catkin_skip_building_tests': False, 'cmake_args': None, 'cmake_clean_cache': False, 'cmake_clean_first': False, 'cmake_force_configure': False, 'cmake_target': None, 'cmake_target_skip_unavailable': False, 'install_base': '/home/motoki/kosyu_ws/install/pub', 'merge_install': False, 'path': '/home/motoki/kosyu_ws/src/pub', 'symlink_install': True, 'test_result_base': None}
[1.091s] Level 5:colcon.colcon_core.verb:set package 'sub' build argument 'cmake_args' from command line to 'None'
[1.091s] Level 5:colcon.colcon_core.verb:set package 'sub' build argument 'cmake_target' from command line to 'None'
[1.091s] Level 5:colcon.colcon_core.verb:set package 'sub' build argument 'cmake_target_skip_unavailable' from command line to 'False'
[1.091s] Level 5:colcon.colcon_core.verb:set package 'sub' build argument 'cmake_clean_cache' from command line to 'False'
[1.091s] Level 5:colcon.colcon_core.verb:set package 'sub' build argument 'cmake_clean_first' from command line to 'False'
[1.092s] Level 5:colcon.colcon_core.verb:set package 'sub' build argument 'cmake_force_configure' from command line to 'False'
[1.092s] Level 5:colcon.colcon_core.verb:set package 'sub' build argument 'ament_cmake_args' from command line to 'None'
[1.092s] Level 5:colcon.colcon_core.verb:set package 'sub' build argument 'catkin_cmake_args' from command line to 'None'
[1.092s] Level 5:colcon.colcon_core.verb:set package 'sub' build argument 'catkin_skip_building_tests' from command line to 'False'
[1.092s] DEBUG:colcon.colcon_core.verb:Building package 'sub' with the following arguments: {'ament_cmake_args': None, 'build_base': '/home/motoki/kosyu_ws/build/sub', 'catkin_cmake_args': None, 'catkin_skip_building_tests': False, 'cmake_args': None, 'cmake_clean_cache': False, 'cmake_clean_first': False, 'cmake_force_configure': False, 'cmake_target': None, 'cmake_target_skip_unavailable': False, 'install_base': '/home/motoki/kosyu_ws/install/sub', 'merge_install': False, 'path': '/home/motoki/kosyu_ws/src/sub', 'symlink_install': True, 'test_result_base': None}
[1.092s] INFO:colcon.colcon_core.executor:Executing jobs using 'parallel' executor
[1.095s] DEBUG:colcon.colcon_parallel_executor.executor.parallel:run_until_complete
[1.096s] INFO:colcon.colcon_cmake.task.cmake.build:Building CMake package in '/home/motoki/kosyu_ws/src/pub'
[1.101s] INFO:colcon.colcon_core.plugin_system:Skipping extension 'colcon_core.shell.bat': Not used on non-Windows systems
[1.102s] INFO:colcon.colcon_core.shell:Skip shell extension 'powershell' for command environment: Not usable outside of PowerShell
[1.102s] DEBUG:colcon.colcon_core.shell:Skip shell extension 'dsv' for command environment
[1.125s] INFO:colcon.colcon_ros.task.ament_cmake.build:Building ROS package in '/home/motoki/kosyu_ws/src/sub' with build type 'ament_cmake'
[1.126s] INFO:colcon.colcon_cmake.task.cmake.build:Building CMake package in '/home/motoki/kosyu_ws/src/sub'
[1.127s] INFO:colcon.colcon_core.shell:Skip shell extension 'powershell' for command environment: Not usable outside of PowerShell
[1.127s] DEBUG:colcon.colcon_core.shell:Skip shell extension 'dsv' for command environment
[1.172s] DEBUG:colcon.colcon_core.event_handler.log_command:Invoking command in '/home/motoki/kosyu_ws/build/pub': /usr/bin/cmake /home/motoki/kosyu_ws/src/pub -DCMAKE_INSTALL_PREFIX=/home/motoki/kosyu_ws/install/pub
[1.193s] DEBUG:colcon.colcon_core.event_handler.log_command:Invoking command in '/home/motoki/kosyu_ws/build/sub': CMAKE_PREFIX_PATH=${CMAKE_PREFIX_PATH}:/home/motoki/my_ws/install/yolo:/home/motoki/my_ws/install/robot_op2:/home/motoki/my_ws/install/robot_op:/home/motoki/my_ws/install/robot_odom:/home/motoki/my_ws/install/robot_goal:/opt/ros/foxy /usr/bin/cmake --build /home/motoki/kosyu_ws/build/sub -- -j6 -l6
[1.318s] DEBUG:colcon.colcon_core.event_handler.log_command:Invoked command in '/home/motoki/kosyu_ws/build/sub' returned '0': CMAKE_PREFIX_PATH=${CMAKE_PREFIX_PATH}:/home/motoki/my_ws/install/yolo:/home/motoki/my_ws/install/robot_op2:/home/motoki/my_ws/install/robot_op:/home/motoki/my_ws/install/robot_odom:/home/motoki/my_ws/install/robot_goal:/opt/ros/foxy /usr/bin/cmake --build /home/motoki/kosyu_ws/build/sub -- -j6 -l6
[1.370s] DEBUG:colcon.colcon_core.event_handler.log_command:Invoking command in '/home/motoki/kosyu_ws/build/sub': CMAKE_PREFIX_PATH=${CMAKE_PREFIX_PATH}:/home/motoki/my_ws/install/yolo:/home/motoki/my_ws/install/robot_op2:/home/motoki/my_ws/install/robot_op:/home/motoki/my_ws/install/robot_odom:/home/motoki/my_ws/install/robot_goal:/opt/ros/foxy /usr/bin/cmake --install /home/motoki/kosyu_ws/build/sub
[1.436s] Level 1:colcon.colcon_core.environment:create_environment_scripts_only(sub)
[1.439s] DEBUG:colcon.colcon_core.event_handler.log_command:Invoked command in '/home/motoki/kosyu_ws/build/sub' returned '0': CMAKE_PREFIX_PATH=${CMAKE_PREFIX_PATH}:/home/motoki/my_ws/install/yolo:/home/motoki/my_ws/install/robot_op2:/home/motoki/my_ws/install/robot_op:/home/motoki/my_ws/install/robot_odom:/home/motoki/my_ws/install/robot_goal:/opt/ros/foxy /usr/bin/cmake --install /home/motoki/kosyu_ws/build/sub
[1.448s] Level 1:colcon.colcon_core.environment:checking '/home/motoki/kosyu_ws/install/sub' for CMake module files
[1.450s] Level 1:colcon.colcon_core.environment:checking '/home/motoki/kosyu_ws/install/sub' for CMake config files
[1.451s] Level 1:colcon.colcon_core.shell:create_environment_hook('sub', 'cmake_prefix_path')
[1.452s] INFO:colcon.colcon_core.shell:Creating environment hook '/home/motoki/kosyu_ws/install/sub/share/sub/hook/cmake_prefix_path.ps1'
[1.455s] INFO:colcon.colcon_core.shell:Creating environment descriptor '/home/motoki/kosyu_ws/install/sub/share/sub/hook/cmake_prefix_path.dsv'
[1.456s] INFO:colcon.colcon_core.shell:Creating environment hook '/home/motoki/kosyu_ws/install/sub/share/sub/hook/cmake_prefix_path.sh'
[1.459s] Level 1:colcon.colcon_core.environment:checking '/home/motoki/kosyu_ws/install/sub/bin'
[1.459s] Level 1:colcon.colcon_core.environment:checking '/home/motoki/kosyu_ws/install/sub/lib/pkgconfig/sub.pc'
[1.459s] Level 1:colcon.colcon_core.environment:checking '/home/motoki/kosyu_ws/install/sub/lib/python3.8/site-packages'
[1.460s] Level 1:colcon.colcon_core.environment:checking '/home/motoki/kosyu_ws/install/sub/bin'
[1.464s] INFO:colcon.colcon_core.shell:Creating package script '/home/motoki/kosyu_ws/install/sub/share/sub/package.ps1'
[1.466s] INFO:colcon.colcon_core.shell:Creating package descriptor '/home/motoki/kosyu_ws/install/sub/share/sub/package.dsv'
[1.468s] INFO:colcon.colcon_core.shell:Creating package script '/home/motoki/kosyu_ws/install/sub/share/sub/package.sh'
[1.469s] INFO:colcon.colcon_core.shell:Creating package script '/home/motoki/kosyu_ws/install/sub/share/sub/package.bash'
[1.471s] INFO:colcon.colcon_core.shell:Creating package script '/home/motoki/kosyu_ws/install/sub/share/sub/package.zsh'
[1.472s] Level 1:colcon.colcon_core.environment:create_file_with_runtime_dependencies(/home/motoki/kosyu_ws/install/sub/share/colcon-core/packages/sub)
[1.474s] Level 1:colcon.colcon_core.environment:create_environment_scripts_only(sub)
[1.474s] Level 1:colcon.colcon_core.environment:checking '/home/motoki/kosyu_ws/install/sub' for CMake module files
[1.475s] Level 1:colcon.colcon_core.environment:checking '/home/motoki/kosyu_ws/install/sub' for CMake config files
[1.476s] Level 1:colcon.colcon_core.shell:create_environment_hook('sub', 'cmake_prefix_path')
[1.476s] INFO:colcon.colcon_core.shell:Creating environment hook '/home/motoki/kosyu_ws/install/sub/share/sub/hook/cmake_prefix_path.ps1'
[1.597s] INFO:colcon.colcon_core.shell:Creating environment descriptor '/home/motoki/kosyu_ws/install/sub/share/sub/hook/cmake_prefix_path.dsv'
[1.599s] INFO:colcon.colcon_core.shell:Creating environment hook '/home/motoki/kosyu_ws/install/sub/share/sub/hook/cmake_prefix_path.sh'
[1.600s] Level 1:colcon.colcon_core.environment:checking '/home/motoki/kosyu_ws/install/sub/bin'
[1.600s] Level 1:colcon.colcon_core.environment:checking '/home/motoki/kosyu_ws/install/sub/lib/pkgconfig/sub.pc'
[1.601s] Level 1:colcon.colcon_core.environment:checking '/home/motoki/kosyu_ws/install/sub/lib/python3.8/site-packages'
[1.601s] Level 1:colcon.colcon_core.environment:checking '/home/motoki/kosyu_ws/install/sub/bin'
[1.602s] INFO:colcon.colcon_core.shell:Creating package script '/home/motoki/kosyu_ws/install/sub/share/sub/package.ps1'
[1.603s] INFO:colcon.colcon_core.shell:Creating package descriptor '/home/motoki/kosyu_ws/install/sub/share/sub/package.dsv'
[1.604s] INFO:colcon.colcon_core.shell:Creating package script '/home/motoki/kosyu_ws/install/sub/share/sub/package.sh'
[1.605s] INFO:colcon.colcon_core.shell:Creating package script '/home/motoki/kosyu_ws/install/sub/share/sub/package.bash'
[1.606s] INFO:colcon.colcon_core.shell:Creating package script '/home/motoki/kosyu_ws/install/sub/share/sub/package.zsh'
[1.607s] Level 1:colcon.colcon_core.environment:create_file_with_runtime_dependencies(/home/motoki/kosyu_ws/install/sub/share/colcon-core/packages/sub)
[7.157s] DEBUG:colcon.colcon_core.event_handler.log_command:Invoked command in '/home/motoki/kosyu_ws/build/pub' returned '1': /usr/bin/cmake /home/motoki/kosyu_ws/src/pub -DCMAKE_INSTALL_PREFIX=/home/motoki/kosyu_ws/install/pub
[7.159s] DEBUG:colcon.colcon_parallel_executor.executor.parallel:closing loop
[7.160s] DEBUG:colcon.colcon_parallel_executor.executor.parallel:loop closed
[7.160s] DEBUG:colcon.colcon_parallel_executor.executor.parallel:run_until_complete finished with '1'
[7.161s] DEBUG:colcon.colcon_core.event_reactor:joining thread
[7.184s] INFO:colcon.colcon_core.plugin_system:Skipping extension 'colcon_notification.desktop_notification.terminal_notifier': Not used on non-Darwin systems
[7.184s] INFO:colcon.colcon_core.plugin_system:Skipping extension 'colcon_notification.desktop_notification.win32': Not used on non-Windows systems
[7.185s] INFO:colcon.colcon_notification.desktop_notification:Sending desktop notification using 'notify2'
[7.228s] DEBUG:colcon.colcon_core.event_reactor:joined thread
[7.229s] INFO:colcon.colcon_core.shell:Creating prefix script '/home/motoki/kosyu_ws/install/local_setup.ps1'
[7.233s] INFO:colcon.colcon_core.shell:Creating prefix util module '/home/motoki/kosyu_ws/install/_local_setup_util_ps1.py'
[7.239s] INFO:colcon.colcon_core.shell:Creating prefix chain script '/home/motoki/kosyu_ws/install/setup.ps1'
[7.244s] INFO:colcon.colcon_core.shell:Creating prefix script '/home/motoki/kosyu_ws/install/local_setup.sh'
[7.246s] INFO:colcon.colcon_core.shell:Creating prefix util module '/home/motoki/kosyu_ws/install/_local_setup_util_sh.py'
[7.249s] INFO:colcon.colcon_core.shell:Creating prefix chain script '/home/motoki/kosyu_ws/install/setup.sh'
[7.254s] INFO:colcon.colcon_core.shell:Creating prefix script '/home/motoki/kosyu_ws/install/local_setup.bash'
[7.256s] INFO:colcon.colcon_core.shell:Creating prefix chain script '/home/motoki/kosyu_ws/install/setup.bash'
[7.260s] INFO:colcon.colcon_core.shell:Creating prefix script '/home/motoki/kosyu_ws/install/local_setup.zsh'
[7.262s] INFO:colcon.colcon_core.shell:Creating prefix chain script '/home/motoki/kosyu_ws/install/setup.zsh'
