[0.478s] DEBUG:colcon:Command line arguments: ['/usr/bin/colcon', 'build', '--symlink-install']
[0.478s] DEBUG:colcon:Parsed command line arguments: Namespace(allow_overriding=[], ament_cmake_args=None, base_paths=['.'], build_base='build', catkin_cmake_args=None, catkin_skip_building_tests=False, cmake_args=None, cmake_clean_cache=False, cmake_clean_first=False, cmake_force_configure=False, cmake_target=None, cmake_target_skip_unavailable=False, continue_on_error=False, event_handlers=None, executor='parallel', ignore_user_meta=False, install_base='install', log_base=None, log_level=None, main=<bound method BuildVerb.main of <colcon_core.verb.build.BuildVerb object at 0xffff81c52520>>, merge_install=False, metas=['./colcon.meta'], mixin=None, mixin_files=None, mixin_verb=('build',), packages_above=None, packages_above_and_dependencies=None, packages_above_depth=None, packages_end=None, packages_ignore=None, packages_ignore_regex=None, packages_select=None, packages_select_build_failed=False, packages_select_by_dep=None, packages_select_regex=None, packages_select_test_failures=False, packages_skip=None, packages_skip_build_finished=False, packages_skip_by_dep=None, packages_skip_regex=None, packages_skip_test_passed=False, packages_skip_up_to=None, packages_start=None, packages_up_to=None, packages_up_to_regex=None, parallel_workers=6, paths=None, symlink_install=True, test_result_base=None, verb_extension=<colcon_core.verb.build.BuildVerb object at 0xffff81c52520>, verb_name='build', verb_parser=<colcon_mixin.mixin.mixin_argument.MixinArgumentDecorator object at 0xffff81b10b50>)
[0.809s] Level 1:colcon.colcon_core.package_discovery:discover_packages(colcon_meta) check parameters
[0.809s] Level 1:colcon.colcon_core.package_discovery:discover_packages(recursive) check parameters
[0.809s] Level 1:colcon.colcon_core.package_discovery:discover_packages(ignore) check parameters
[0.809s] Level 1:colcon.colcon_core.package_discovery:discover_packages(path) check parameters
[0.809s] Level 1:colcon.colcon_core.package_discovery:discover_packages(colcon_meta) discover
[0.809s] Level 1:colcon.colcon_core.package_discovery:discover_packages(recursive) discover
[0.809s] INFO:colcon.colcon_core.package_discovery:Crawling recursively for packages in '/home/motoki/kosyu_ws'
[0.810s] Level 1:colcon.colcon_core.package_identification:_identify(.) by extensions ['ignore', 'ignore_ament_install']
[0.810s] Level 1:colcon.colcon_core.package_identification:_identify(.) by extension 'ignore'
[0.810s] Level 1:colcon.colcon_core.package_identification:_identify(.) by extension 'ignore_ament_install'
[0.810s] Level 1:colcon.colcon_core.package_identification:_identify(.) by extensions ['colcon_pkg']
[0.810s] Level 1:colcon.colcon_core.package_identification:_identify(.) by extension 'colcon_pkg'
[0.810s] Level 1:colcon.colcon_core.package_identification:_identify(.) by extensions ['colcon_meta']
[0.810s] Level 1:colcon.colcon_core.package_identification:_identify(.) by extension 'colcon_meta'
[0.811s] Level 1:colcon.colcon_core.package_identification:_identify(.) by extensions ['ros']
[0.811s] Level 1:colcon.colcon_core.package_identification:_identify(.) by extension 'ros'
[0.833s] Level 1:colcon.colcon_core.package_identification:_identify(.) by extensions ['cmake', 'python']
[0.833s] Level 1:colcon.colcon_core.package_identification:_identify(.) by extension 'cmake'
[0.833s] Level 1:colcon.colcon_core.package_identification:_identify(.) by extension 'python'
[0.833s] Level 1:colcon.colcon_core.package_identification:_identify(.) by extensions ['python_setup_py']
[0.834s] Level 1:colcon.colcon_core.package_identification:_identify(.) by extension 'python_setup_py'
[0.834s] Level 1:colcon.colcon_core.package_identification:_identify(build) by extensions ['ignore', 'ignore_ament_install']
[0.834s] Level 1:colcon.colcon_core.package_identification:_identify(build) by extension 'ignore'
[0.834s] Level 1:colcon.colcon_core.package_identification:_identify(build) ignored
[0.834s] Level 1:colcon.colcon_core.package_identification:_identify(install) by extensions ['ignore', 'ignore_ament_install']
[0.835s] Level 1:colcon.colcon_core.package_identification:_identify(install) by extension 'ignore'
[0.835s] Level 1:colcon.colcon_core.package_identification:_identify(install) ignored
[0.835s] Level 1:colcon.colcon_core.package_identification:_identify(log) by extensions ['ignore', 'ignore_ament_install']
[0.835s] Level 1:colcon.colcon_core.package_identification:_identify(log) by extension 'ignore'
[0.835s] Level 1:colcon.colcon_core.package_identification:_identify(log) ignored
[0.835s] Level 1:colcon.colcon_core.package_identification:_identify(src) by extensions ['ignore', 'ignore_ament_install']
[0.836s] Level 1:colcon.colcon_core.package_identification:_identify(src) by extension 'ignore'
[0.836s] Level 1:colcon.colcon_core.package_identification:_identify(src) by extension 'ignore_ament_install'
[0.836s] Level 1:colcon.colcon_core.package_identification:_identify(src) by extensions ['colcon_pkg']
[0.836s] Level 1:colcon.colcon_core.package_identification:_identify(src) by extension 'colcon_pkg'
[0.836s] Level 1:colcon.colcon_core.package_identification:_identify(src) by extensions ['colcon_meta']
[0.836s] Level 1:colcon.colcon_core.package_identification:_identify(src) by extension 'colcon_meta'
[0.836s] Level 1:colcon.colcon_core.package_identification:_identify(src) by extensions ['ros']
[0.836s] Level 1:colcon.colcon_core.package_identification:_identify(src) by extension 'ros'
[0.836s] Level 1:colcon.colcon_core.package_identification:_identify(src) by extensions ['cmake', 'python']
[0.836s] Level 1:colcon.colcon_core.package_identification:_identify(src) by extension 'cmake'
[0.837s] Level 1:colcon.colcon_core.package_identification:_identify(src) by extension 'python'
[0.837s] Level 1:colcon.colcon_core.package_identification:_identify(src) by extensions ['python_setup_py']
[0.837s] Level 1:colcon.colcon_core.package_identification:_identify(src) by extension 'python_setup_py'
[0.837s] Level 1:colcon.colcon_core.package_identification:_identify(src/pub) by extensions ['ignore', 'ignore_ament_install']
[0.837s] Level 1:colcon.colcon_core.package_identification:_identify(src/pub) by extension 'ignore'
[0.837s] Level 1:colcon.colcon_core.package_identification:_identify(src/pub) by extension 'ignore_ament_install'
[0.837s] Level 1:colcon.colcon_core.package_identification:_identify(src/pub) by extensions ['colcon_pkg']
[0.837s] Level 1:colcon.colcon_core.package_identification:_identify(src/pub) by extension 'colcon_pkg'
[0.837s] Level 1:colcon.colcon_core.package_identification:_identify(src/pub) by extensions ['colcon_meta']
[0.838s] Level 1:colcon.colcon_core.package_identification:_identify(src/pub) by extension 'colcon_meta'
[0.838s] Level 1:colcon.colcon_core.package_identification:_identify(src/pub) by extensions ['ros']
[0.838s] Level 1:colcon.colcon_core.package_identification:_identify(src/pub) by extension 'ros'
[0.843s] DEBUG:colcon.colcon_core.package_identification:Package 'src/pub' with type 'ros.ament_cmake' and name 'pub'
[0.843s] Level 1:colcon.colcon_core.package_identification:_identify(src/sub) by extensions ['ignore', 'ignore_ament_install']
[0.843s] Level 1:colcon.colcon_core.package_identification:_identify(src/sub) by extension 'ignore'
[0.843s] Level 1:colcon.colcon_core.package_identification:_identify(src/sub) by extension 'ignore_ament_install'
[0.843s] Level 1:colcon.colcon_core.package_identification:_identify(src/sub) by extensions ['colcon_pkg']
[0.843s] Level 1:colcon.colcon_core.package_identification:_identify(src/sub) by extension 'colcon_pkg'
[0.844s] Level 1:colcon.colcon_core.package_identification:_identify(src/sub) by extensions ['colcon_meta']
[0.844s] Level 1:colcon.colcon_core.package_identification:_identify(src/sub) by extension 'colcon_meta'
[0.844s] Level 1:colcon.colcon_core.package_identification:_identify(src/sub) by extensions ['ros']
[0.844s] Level 1:colcon.colcon_core.package_identification:_identify(src/sub) by extension 'ros'
[0.845s] DEBUG:colcon.colcon_core.package_identification:Package 'src/sub' with type 'ros.ament_cmake' and name 'sub'
[0.845s] Level 1:colcon.colcon_core.package_discovery:discover_packages(recursive) using defaults
[0.845s] Level 1:colcon.colcon_core.package_discovery:discover_packages(ignore) discover
[0.845s] Level 1:colcon.colcon_core.package_discovery:discover_packages(ignore) using defaults
[0.845s] Level 1:colcon.colcon_core.package_discovery:discover_packages(path) discover
[0.845s] Level 1:colcon.colcon_core.package_discovery:discover_packages(path) using defaults
[0.877s] Level 1:colcon.colcon_core.package_discovery:discover_packages(prefix_path) check parameters
[0.877s] Level 1:colcon.colcon_core.package_discovery:discover_packages(prefix_path) discover
[0.884s] DEBUG:colcon.colcon_installed_package_information.package_discovery:Found 8 installed packages in /home/motoki/my_ws/install
[0.885s] DEBUG:colcon.colcon_installed_package_information.package_discovery:Found 1 installed packages in /home/motoki/ydlidar_ros2_ws/install
[0.888s] DEBUG:colcon.colcon_installed_package_information.package_discovery:Found 290 installed packages in /opt/ros/foxy
[0.917s] Level 1:colcon.colcon_core.package_discovery:discover_packages(prefix_path) using defaults
[1.044s] Level 5:colcon.colcon_core.verb:set package 'pub' build argument 'cmake_args' from command line to 'None'
[1.044s] Level 5:colcon.colcon_core.verb:set package 'pub' build argument 'cmake_target' from command line to 'None'
[1.044s] Level 5:colcon.colcon_core.verb:set package 'pub' build argument 'cmake_target_skip_unavailable' from command line to 'False'
[1.044s] Level 5:colcon.colcon_core.verb:set package 'pub' build argument 'cmake_clean_cache' from command line to 'False'
[1.044s] Level 5:colcon.colcon_core.verb:set package 'pub' build argument 'cmake_clean_first' from command line to 'False'
[1.044s] Level 5:colcon.colcon_core.verb:set package 'pub' build argument 'cmake_force_configure' from command line to 'False'
[1.044s] Level 5:colcon.colcon_core.verb:set package 'pub' build argument 'ament_cmake_args' from command line to 'None'
[1.044s] Level 5:colcon.colcon_core.verb:set package 'pub' build argument 'catkin_cmake_args' from command line to 'None'
[1.044s] Level 5:colcon.colcon_core.verb:set package 'pub' build argument 'catkin_skip_building_tests' from command line to 'False'
[1.045s] DEBUG:colcon.colcon_core.verb:Building package 'pub' with the following arguments: {'ament_cmake_args': None, 'build_base': '/home/motoki/kosyu_ws/build/pub', 'catkin_cmake_args': None, 'catkin_skip_building_tests': False, 'cmake_args': None, 'cmake_clean_cache': False, 'cmake_clean_first': False, 'cmake_force_configure': False, 'cmake_target': None, 'cmake_target_skip_unavailable': False, 'install_base': '/home/motoki/kosyu_ws/install/pub', 'merge_install': False, 'path': '/home/motoki/kosyu_ws/src/pub', 'symlink_install': True, 'test_result_base': None}
[1.045s] Level 5:colcon.colcon_core.verb:set package 'sub' build argument 'cmake_args' from command line to 'None'
[1.045s] Level 5:colcon.colcon_core.verb:set package 'sub' build argument 'cmake_target' from command line to 'None'
[1.045s] Level 5:colcon.colcon_core.verb:set package 'sub' build argument 'cmake_target_skip_unavailable' from command line to 'False'
[1.045s] Level 5:colcon.colcon_core.verb:set package 'sub' build argument 'cmake_clean_cache' from command line to 'False'
[1.046s] Level 5:colcon.colcon_core.verb:set package 'sub' build argument 'cmake_clean_first' from command line to 'False'
[1.046s] Level 5:colcon.colcon_core.verb:set package 'sub' build argument 'cmake_force_configure' from command line to 'False'
[1.046s] Level 5:colcon.colcon_core.verb:set package 'sub' build argument 'ament_cmake_args' from command line to 'None'
[1.046s] Level 5:colcon.colcon_core.verb:set package 'sub' build argument 'catkin_cmake_args' from command line to 'None'
[1.046s] Level 5:colcon.colcon_core.verb:set package 'sub' build argument 'catkin_skip_building_tests' from command line to 'False'
[1.046s] DEBUG:colcon.colcon_core.verb:Building package 'sub' with the following arguments: {'ament_cmake_args': None, 'build_base': '/home/motoki/kosyu_ws/build/sub', 'catkin_cmake_args': None, 'catkin_skip_building_tests': False, 'cmake_args': None, 'cmake_clean_cache': False, 'cmake_clean_first': False, 'cmake_force_configure': False, 'cmake_target': None, 'cmake_target_skip_unavailable': False, 'install_base': '/home/motoki/kosyu_ws/install/sub', 'merge_install': False, 'path': '/home/motoki/kosyu_ws/src/sub', 'symlink_install': True, 'test_result_base': None}
[1.046s] INFO:colcon.colcon_core.executor:Executing jobs using 'parallel' executor
[1.048s] DEBUG:colcon.colcon_parallel_executor.executor.parallel:run_until_complete
[1.049s] INFO:colcon.colcon_ros.task.ament_cmake.build:Building ROS package in '/home/motoki/kosyu_ws/src/pub' with build type 'ament_cmake'
[1.049s] INFO:colcon.colcon_cmake.task.cmake.build:Building CMake package in '/home/motoki/kosyu_ws/src/pub'
[1.053s] INFO:colcon.colcon_core.plugin_system:Skipping extension 'colcon_core.shell.bat': Not used on non-Windows systems
[1.054s] INFO:colcon.colcon_core.shell:Skip shell extension 'powershell' for command environment: Not usable outside of PowerShell
[1.054s] DEBUG:colcon.colcon_core.shell:Skip shell extension 'dsv' for command environment
[1.068s] INFO:colcon.colcon_ros.task.ament_cmake.build:Building ROS package in '/home/motoki/kosyu_ws/src/sub' with build type 'ament_cmake'
[1.069s] INFO:colcon.colcon_cmake.task.cmake.build:Building CMake package in '/home/motoki/kosyu_ws/src/sub'
[1.070s] INFO:colcon.colcon_core.shell:Skip shell extension 'powershell' for command environment: Not usable outside of PowerShell
[1.070s] DEBUG:colcon.colcon_core.shell:Skip shell extension 'dsv' for command environment
[1.093s] DEBUG:colcon.colcon_core.event_handler.log_command:Invoking command in '/home/motoki/kosyu_ws/build/pub': CMAKE_PREFIX_PATH=${CMAKE_PREFIX_PATH}:/home/motoki/my_ws/install/yolo:/home/motoki/my_ws/install/robot_op2:/home/motoki/my_ws/install/robot_op:/home/motoki/my_ws/install/robot_odom:/home/motoki/my_ws/install/robot_goal:/opt/ros/foxy /usr/bin/cmake --build /home/motoki/kosyu_ws/build/pub -- -j6 -l6
[1.113s] DEBUG:colcon.colcon_core.event_handler.log_command:Invoking command in '/home/motoki/kosyu_ws/build/sub': CMAKE_PREFIX_PATH=${CMAKE_PREFIX_PATH}:/home/motoki/my_ws/install/yolo:/home/motoki/my_ws/install/robot_op2:/home/motoki/my_ws/install/robot_op:/home/motoki/my_ws/install/robot_odom:/home/motoki/my_ws/install/robot_goal:/opt/ros/foxy /usr/bin/cmake --build /home/motoki/kosyu_ws/build/sub -- -j6 -l6
[1.207s] DEBUG:colcon.colcon_core.event_handler.log_command:Invoked command in '/home/motoki/kosyu_ws/build/sub' returned '0': CMAKE_PREFIX_PATH=${CMAKE_PREFIX_PATH}:/home/motoki/my_ws/install/yolo:/home/motoki/my_ws/install/robot_op2:/home/motoki/my_ws/install/robot_op:/home/motoki/my_ws/install/robot_odom:/home/motoki/my_ws/install/robot_goal:/opt/ros/foxy /usr/bin/cmake --build /home/motoki/kosyu_ws/build/sub -- -j6 -l6
[1.236s] DEBUG:colcon.colcon_core.event_handler.log_command:Invoking command in '/home/motoki/kosyu_ws/build/sub': CMAKE_PREFIX_PATH=${CMAKE_PREFIX_PATH}:/home/motoki/my_ws/install/yolo:/home/motoki/my_ws/install/robot_op2:/home/motoki/my_ws/install/robot_op:/home/motoki/my_ws/install/robot_odom:/home/motoki/my_ws/install/robot_goal:/opt/ros/foxy /usr/bin/cmake --install /home/motoki/kosyu_ws/build/sub
[1.294s] Level 1:colcon.colcon_core.environment:create_environment_scripts_only(sub)
[1.299s] DEBUG:colcon.colcon_core.event_handler.log_command:Invoked command in '/home/motoki/kosyu_ws/build/sub' returned '0': CMAKE_PREFIX_PATH=${CMAKE_PREFIX_PATH}:/home/motoki/my_ws/install/yolo:/home/motoki/my_ws/install/robot_op2:/home/motoki/my_ws/install/robot_op:/home/motoki/my_ws/install/robot_odom:/home/motoki/my_ws/install/robot_goal:/opt/ros/foxy /usr/bin/cmake --install /home/motoki/kosyu_ws/build/sub
[1.301s] Level 1:colcon.colcon_core.environment:checking '/home/motoki/kosyu_ws/install/sub' for CMake module files
[1.303s] Level 1:colcon.colcon_core.environment:checking '/home/motoki/kosyu_ws/install/sub' for CMake config files
[1.303s] Level 1:colcon.colcon_core.shell:create_environment_hook('sub', 'cmake_prefix_path')
[1.304s] INFO:colcon.colcon_core.shell:Creating environment hook '/home/motoki/kosyu_ws/install/sub/share/sub/hook/cmake_prefix_path.ps1'
[1.305s] INFO:colcon.colcon_core.shell:Creating environment descriptor '/home/motoki/kosyu_ws/install/sub/share/sub/hook/cmake_prefix_path.dsv'
[1.307s] INFO:colcon.colcon_core.shell:Creating environment hook '/home/motoki/kosyu_ws/install/sub/share/sub/hook/cmake_prefix_path.sh'
[1.309s] Level 1:colcon.colcon_core.environment:checking '/home/motoki/kosyu_ws/install/sub/bin'
[1.310s] Level 1:colcon.colcon_core.environment:checking '/home/motoki/kosyu_ws/install/sub/lib/pkgconfig/sub.pc'
[1.310s] Level 1:colcon.colcon_core.environment:checking '/home/motoki/kosyu_ws/install/sub/lib/python3.8/site-packages'
[1.311s] Level 1:colcon.colcon_core.environment:checking '/home/motoki/kosyu_ws/install/sub/bin'
[1.311s] INFO:colcon.colcon_core.shell:Creating package script '/home/motoki/kosyu_ws/install/sub/share/sub/package.ps1'
[1.313s] INFO:colcon.colcon_core.shell:Creating package descriptor '/home/motoki/kosyu_ws/install/sub/share/sub/package.dsv'
[1.315s] INFO:colcon.colcon_core.shell:Creating package script '/home/motoki/kosyu_ws/install/sub/share/sub/package.sh'
[1.317s] INFO:colcon.colcon_core.shell:Creating package script '/home/motoki/kosyu_ws/install/sub/share/sub/package.bash'
[1.318s] INFO:colcon.colcon_core.shell:Creating package script '/home/motoki/kosyu_ws/install/sub/share/sub/package.zsh'
[1.320s] Level 1:colcon.colcon_core.environment:create_file_with_runtime_dependencies(/home/motoki/kosyu_ws/install/sub/share/colcon-core/packages/sub)
[1.321s] Level 1:colcon.colcon_core.environment:create_environment_scripts_only(sub)
[1.322s] Level 1:colcon.colcon_core.environment:checking '/home/motoki/kosyu_ws/install/sub' for CMake module files
[1.322s] Level 1:colcon.colcon_core.environment:checking '/home/motoki/kosyu_ws/install/sub' for CMake config files
[1.323s] Level 1:colcon.colcon_core.shell:create_environment_hook('sub', 'cmake_prefix_path')
[1.323s] INFO:colcon.colcon_core.shell:Creating environment hook '/home/motoki/kosyu_ws/install/sub/share/sub/hook/cmake_prefix_path.ps1'
[1.391s] INFO:colcon.colcon_core.shell:Creating environment descriptor '/home/motoki/kosyu_ws/install/sub/share/sub/hook/cmake_prefix_path.dsv'
[1.393s] INFO:colcon.colcon_core.shell:Creating environment hook '/home/motoki/kosyu_ws/install/sub/share/sub/hook/cmake_prefix_path.sh'
[1.395s] Level 1:colcon.colcon_core.environment:checking '/home/motoki/kosyu_ws/install/sub/bin'
[1.395s] Level 1:colcon.colcon_core.environment:checking '/home/motoki/kosyu_ws/install/sub/lib/pkgconfig/sub.pc'
[1.396s] Level 1:colcon.colcon_core.environment:checking '/home/motoki/kosyu_ws/install/sub/lib/python3.8/site-packages'
[1.396s] Level 1:colcon.colcon_core.environment:checking '/home/motoki/kosyu_ws/install/sub/bin'
[1.397s] INFO:colcon.colcon_core.shell:Creating package script '/home/motoki/kosyu_ws/install/sub/share/sub/package.ps1'
[1.399s] INFO:colcon.colcon_core.shell:Creating package descriptor '/home/motoki/kosyu_ws/install/sub/share/sub/package.dsv'
[1.400s] INFO:colcon.colcon_core.shell:Creating package script '/home/motoki/kosyu_ws/install/sub/share/sub/package.sh'
[1.402s] INFO:colcon.colcon_core.shell:Creating package script '/home/motoki/kosyu_ws/install/sub/share/sub/package.bash'
[1.403s] INFO:colcon.colcon_core.shell:Creating package script '/home/motoki/kosyu_ws/install/sub/share/sub/package.zsh'
[1.404s] Level 1:colcon.colcon_core.environment:create_file_with_runtime_dependencies(/home/motoki/kosyu_ws/install/sub/share/colcon-core/packages/sub)
[5.174s] DEBUG:colcon.colcon_core.event_handler.log_command:Invoked command in '/home/motoki/kosyu_ws/build/pub' returned '2': CMAKE_PREFIX_PATH=${CMAKE_PREFIX_PATH}:/home/motoki/my_ws/install/yolo:/home/motoki/my_ws/install/robot_op2:/home/motoki/my_ws/install/robot_op:/home/motoki/my_ws/install/robot_odom:/home/motoki/my_ws/install/robot_goal:/opt/ros/foxy /usr/bin/cmake --build /home/motoki/kosyu_ws/build/pub -- -j6 -l6
[5.176s] Level 1:colcon.colcon_core.environment:create_environment_scripts_only(pub)
[5.177s] Level 1:colcon.colcon_core.environment:checking '/home/motoki/kosyu_ws/install/pub' for CMake module files
[5.178s] Level 1:colcon.colcon_core.environment:checking '/home/motoki/kosyu_ws/install/pub' for CMake config files
[5.179s] Level 1:colcon.colcon_core.environment:checking '/home/motoki/kosyu_ws/install/pub/bin'
[5.179s] Level 1:colcon.colcon_core.environment:checking '/home/motoki/kosyu_ws/install/pub/lib/pkgconfig/pub.pc'
[5.180s] Level 1:colcon.colcon_core.environment:checking '/home/motoki/kosyu_ws/install/pub/lib/python3.8/site-packages'
[5.181s] Level 1:colcon.colcon_core.environment:checking '/home/motoki/kosyu_ws/install/pub/bin'
[5.181s] INFO:colcon.colcon_core.shell:Creating package script '/home/motoki/kosyu_ws/install/pub/share/pub/package.ps1'
[5.183s] INFO:colcon.colcon_core.shell:Creating package descriptor '/home/motoki/kosyu_ws/install/pub/share/pub/package.dsv'
[5.185s] INFO:colcon.colcon_core.shell:Creating package script '/home/motoki/kosyu_ws/install/pub/share/pub/package.sh'
[5.187s] INFO:colcon.colcon_core.shell:Creating package script '/home/motoki/kosyu_ws/install/pub/share/pub/package.bash'
[5.191s] INFO:colcon.colcon_core.shell:Creating package script '/home/motoki/kosyu_ws/install/pub/share/pub/package.zsh'
[5.193s] Level 1:colcon.colcon_core.environment:create_file_with_runtime_dependencies(/home/motoki/kosyu_ws/install/pub/share/colcon-core/packages/pub)
[5.203s] DEBUG:colcon.colcon_parallel_executor.executor.parallel:closing loop
[5.204s] DEBUG:colcon.colcon_parallel_executor.executor.parallel:loop closed
[5.204s] DEBUG:colcon.colcon_parallel_executor.executor.parallel:run_until_complete finished with '2'
[5.205s] DEBUG:colcon.colcon_core.event_reactor:joining thread
[5.220s] INFO:colcon.colcon_core.plugin_system:Skipping extension 'colcon_notification.desktop_notification.terminal_notifier': Not used on non-Darwin systems
[5.221s] INFO:colcon.colcon_core.plugin_system:Skipping extension 'colcon_notification.desktop_notification.win32': Not used on non-Windows systems
[5.221s] INFO:colcon.colcon_notification.desktop_notification:Sending desktop notification using 'notify2'
[5.274s] DEBUG:colcon.colcon_core.event_reactor:joined thread
[5.275s] INFO:colcon.colcon_core.shell:Creating prefix script '/home/motoki/kosyu_ws/install/local_setup.ps1'
[5.277s] INFO:colcon.colcon_core.shell:Creating prefix util module '/home/motoki/kosyu_ws/install/_local_setup_util_ps1.py'
[5.280s] INFO:colcon.colcon_core.shell:Creating prefix chain script '/home/motoki/kosyu_ws/install/setup.ps1'
[5.283s] INFO:colcon.colcon_core.shell:Creating prefix script '/home/motoki/kosyu_ws/install/local_setup.sh'
[5.284s] INFO:colcon.colcon_core.shell:Creating prefix util module '/home/motoki/kosyu_ws/install/_local_setup_util_sh.py'
[5.285s] INFO:colcon.colcon_core.shell:Creating prefix chain script '/home/motoki/kosyu_ws/install/setup.sh'
[5.288s] INFO:colcon.colcon_core.shell:Creating prefix script '/home/motoki/kosyu_ws/install/local_setup.bash'
[5.289s] INFO:colcon.colcon_core.shell:Creating prefix chain script '/home/motoki/kosyu_ws/install/setup.bash'
[5.291s] INFO:colcon.colcon_core.shell:Creating prefix script '/home/motoki/kosyu_ws/install/local_setup.zsh'
[5.292s] INFO:colcon.colcon_core.shell:Creating prefix chain script '/home/motoki/kosyu_ws/install/setup.zsh'
